   Compiling(apcc) S:/Documents/CMU/Masters-Fall/18643/643project/HLS/week3.c in debug mode
@I [LIC-101] Checked out feature [HLS]
@I [HLS-10] Running 's:/Xilinx/Vivado_HLS/2015.2/bin/unwrapped/win64.o/apcc.exe'
            for user 'Nathaniel' on host 'nathaniel-luxe' (Windows NT_amd64 version 6.1) on Sun Nov 15 12:27:23 -0500 2015
            in directory 'C:/Users/Nathaniel/643_PE/solution1/csim/build'
@I [APCC-3] Tmp directory is apcc_db
@I [APCC-1] APCC is done.
@I [LIC-101] Checked in feature [HLS]
   Generating csim.exe
READ #0 - Best fit at index 0
READ #1 - Best fit at index 100
READ #2 - Best fit at index 200
READ #3 - Best fit at index 300
READ #4 - Best fit at index 400
READ #5 - Best fit at index 500
READ #6 - Best fit at index 600
READ #7 - Best fit at index 700
READ #8 - Best fit at index 800
READ #9 - Best fit at index 900
@I [SIM-1] CSim done with 0 errors.
