

================================================================
== Vivado HLS Report for 'needlemanWunsch'
================================================================
* Date:           Sun Nov 15 12:28:45 2015

* Version:        2015.2 (Build 1266856 on Fri Jun 26 16:57:37 PM 2015)
* Project:        643_PE
* Solution:       solution1
* Product family: zynq
* Target device:  xc7z020clg484-1


================================================================
== Performance Estimates
================================================================
+ Timing (ns): 
    * Summary: 
    +--------+-------+----------+------------+
    |  Clock | Target| Estimated| Uncertainty|
    +--------+-------+----------+------------+
    |ap_clk  |   5.00|      7.51|        0.63|
    +--------+-------+----------+------------+

+ Latency (clock cycles): 
    * Summary: 
    +-----+-----+-----+-----+---------+
    |  Latency  |  Interval | Pipeline|
    | min | max | min | max |   Type  |
    +-----+-----+-----+-----+---------+
    |  209|  210|  210|  211|   none  |
    +-----+-----+-----+-----+---------+

    + Detail: 
        * Instance: 
        N/A

        * Loop: 
        +----------+-----+-----+----------+-----------+-----------+------+----------+
        |          |  Latency  | Iteration|  Initiation Interval  | Trip |          |
        | Loop Name| min | max |  Latency |  achieved |   target  | Count| Pipelined|
        +----------+-----+-----+----------+-----------+-----------+------+----------+
        |- COL     |  204|  204|         7|          2|          1|   100|    yes   |
        +----------+-----+-----+----------+-----------+-----------+------+----------+



================================================================
== Utilization Estimates
================================================================
* Summary: 
+-----------------+---------+-------+--------+-------+
|       Name      | BRAM_18K| DSP48E|   FF   |  LUT  |
+-----------------+---------+-------+--------+-------+
|Expression       |        -|      -|       0|     88|
|FIFO             |        -|      -|       -|      -|
|Instance         |        -|      -|       -|      -|
|Memory           |        -|      -|       -|      -|
|Multiplexer      |        -|      -|       -|    144|
|Register         |        -|      -|     181|      7|
+-----------------+---------+-------+--------+-------+
|Total            |        0|      0|     181|    239|
+-----------------+---------+-------+--------+-------+
|Available        |      280|    220|  106400|  53200|
+-----------------+---------+-------+--------+-------+
|Utilization (%)  |        0|      0|   ~0   |   ~0  |
+-----------------+---------+-------+--------+-------+

+ Detail: 
    * Instance: 
    N/A

    * Memory: 
    N/A

    * FIFO: 
    N/A

    * Expression: 
    +------------------------------------+----------+-------+---+----+------------+------------+
    |            Variable Name           | Operation| DSP48E| FF| LUT| Bitwidth P0| Bitwidth P1|
    +------------------------------------+----------+-------+---+----+------------+------------+
    |diag_score_fu_302_p2                |     +    |      0|  0|   9|           9|           9|
    |j_1_fu_272_p2                       |     +    |      0|  0|   7|           7|           1|
    |left_score_fu_318_p2                |     +    |      0|  0|   9|           9|           2|
    |tmp_3_fu_261_p2                     |     +    |      0|  0|   7|           7|           2|
    |up_score_fu_308_p2                  |     +    |      0|  0|   9|           9|           2|
    |diag_score_0_v_cast_cast_fu_295_p3  |  Select  |      0|  0|   2|           1|           1|
    |ap_sig_bdd_164                      |    and   |      0|  0|   1|           1|           1|
    |ap_sig_bdd_213                      |    and   |      0|  0|   1|           1|           1|
    |ap_sig_bdd_216                      |    and   |      0|  0|   1|           1|           1|
    |exitcond_fu_255_p2                  |   icmp   |      0|  0|   3|           7|           6|
    |tmp_2_fu_375_p2                     |   icmp   |      0|  0|  11|          32|          32|
    |tmp_6_fu_283_p2                     |   icmp   |      0|  0|   3|           8|           8|
    |tmp_7_fu_324_p2                     |   icmp   |      0|  0|   3|           9|           9|
    |tmp_8_fu_329_p2                     |   icmp   |      0|  0|   3|           9|           9|
    |tmp_9_fu_343_p2                     |   icmp   |      0|  0|   3|           9|           9|
    |tmp_fu_237_p2                       |   icmp   |      0|  0|  11|          32|           1|
    |tmp_s_fu_348_p2                     |   icmp   |      0|  0|   3|           9|           9|
    |or_cond1_fu_353_p2                  |    or    |      0|  0|   1|           1|           1|
    |or_cond_fu_333_p2                   |    or    |      0|  0|   1|           1|           1|
    +------------------------------------+----------+-------+---+----+------------+------------+
    |Total                               |          |      0|  0|  88|         162|         105|
    +------------------------------------+----------+-------+---+----+------------+------------+

    * Multiplexer: 
    +-----------------------+----+-----------+-----+-----------+
    |          Name         | LUT| Input Size| Bits| Total Bits|
    +-----------------------+----+-----------+-----+-----------+
    |ap_NS_fsm              |   4|          9|    1|          9|
    |ap_reg_ppiten_pp0_it3  |   1|          2|    1|          2|
    |j_phi_fu_224_p4        |   7|          2|    7|         14|
    |j_reg_220              |   7|          2|    7|         14|
    |max_orig               |  32|          2|   32|         64|
    |max_score              |  32|          2|   32|         64|
    |orig_in_address0       |   7|          3|    7|         21|
    |orig_out_address0      |   7|          6|    7|         42|
    |orig_out_d0            |  32|          3|   32|         96|
    |score_out_address0     |   7|          6|    7|         42|
    |score_out_d0           |   8|          4|    8|         32|
    +-----------------------+----+-----------+-----+-----------+
    |Total                  | 144|         41|  141|        400|
    +-----------------------+----+-----------+-----+-----------+

    * Register: 
    +------------------------------------+----+----+-----+-----------+
    |                Name                | FF | LUT| Bits| Const Bits|
    +------------------------------------+----+----+-----+-----------+
    |ap_CS_fsm                           |   8|   0|    8|          0|
    |ap_reg_ppiten_pp0_it0               |   1|   0|    1|          0|
    |ap_reg_ppiten_pp0_it1               |   1|   0|    1|          0|
    |ap_reg_ppiten_pp0_it2               |   1|   0|    1|          0|
    |ap_reg_ppiten_pp0_it3               |   1|   0|    1|          0|
    |ap_reg_ppstg_tmp_5_reg_437_pp0_it2  |   7|   0|   64|         57|
    |diag_score_reg_463                  |   9|   0|    9|          0|
    |exitcond_reg_405                    |   1|   0|    1|          0|
    |j_1_reg_427                         |   7|   0|    7|          0|
    |j_reg_220                           |   7|   0|    7|          0|
    |max_orig                            |  32|   0|   32|          0|
    |max_score                           |  32|   0|   32|          0|
    |or_cond1_reg_487                    |   1|   0|    1|          0|
    |or_cond_reg_478                     |   1|   0|    1|          0|
    |reads_load_reg_422                  |   8|   0|    8|          0|
    |reg_232                             |  32|   0|   32|          0|
    |score_out_load_reg_506              |   8|   0|    8|          0|
    |tmp_4_reg_409                       |   7|   0|   64|         57|
    |tmp_5_reg_437                       |   7|   0|   64|         57|
    |tmp_6_reg_453                       |   1|   0|    1|          0|
    |up_score_reg_471                    |   9|   0|    9|          0|
    |tmp_4_reg_409                       |   0|   7|   64|         57|
    +------------------------------------+----+----+-----+-----------+
    |Total                               | 181|   7|  416|        228|
    +------------------------------------+----+----+-----+-----------+



================================================================
== Interface
================================================================
* Summary: 
+--------------------+-----+-----+------------+-----------------+--------------+
|      RTL Ports     | Dir | Bits|  Protocol  |  Source Object  |    C Type    |
+--------------------+-----+-----+------------+-----------------+--------------+
|ap_clk              |  in |    1| ap_ctrl_hs | needlemanWunsch | return value |
|ap_rst              |  in |    1| ap_ctrl_hs | needlemanWunsch | return value |
|ap_start            |  in |    1| ap_ctrl_hs | needlemanWunsch | return value |
|ap_done             | out |    1| ap_ctrl_hs | needlemanWunsch | return value |
|ap_idle             | out |    1| ap_ctrl_hs | needlemanWunsch | return value |
|ap_ready            | out |    1| ap_ctrl_hs | needlemanWunsch | return value |
|ap_return           | out |   32| ap_ctrl_hs | needlemanWunsch | return value |
|reads_address0      | out |    7|  ap_memory |      reads      |     array    |
|reads_ce0           | out |    1|  ap_memory |      reads      |     array    |
|reads_q0            |  in |    8|  ap_memory |      reads      |     array    |
|ref_genome          |  in |    8|   ap_none  |    ref_genome   |    scalar    |
|orig_in_address0    | out |    7|  ap_memory |     orig_in     |     array    |
|orig_in_ce0         | out |    1|  ap_memory |     orig_in     |     array    |
|orig_in_q0          |  in |   32|  ap_memory |     orig_in     |     array    |
|orig_out_address0   | out |    7|  ap_memory |     orig_out    |     array    |
|orig_out_ce0        | out |    1|  ap_memory |     orig_out    |     array    |
|orig_out_we0        | out |    1|  ap_memory |     orig_out    |     array    |
|orig_out_d0         | out |   32|  ap_memory |     orig_out    |     array    |
|orig_out_q0         |  in |   32|  ap_memory |     orig_out    |     array    |
|score_in_address0   | out |    7|  ap_memory |     score_in    |     array    |
|score_in_ce0        | out |    1|  ap_memory |     score_in    |     array    |
|score_in_q0         |  in |    8|  ap_memory |     score_in    |     array    |
|score_in_address1   | out |    7|  ap_memory |     score_in    |     array    |
|score_in_ce1        | out |    1|  ap_memory |     score_in    |     array    |
|score_in_q1         |  in |    8|  ap_memory |     score_in    |     array    |
|score_out_address0  | out |    7|  ap_memory |    score_out    |     array    |
|score_out_ce0       | out |    1|  ap_memory |    score_out    |     array    |
|score_out_we0       | out |    1|  ap_memory |    score_out    |     array    |
|score_out_d0        | out |    8|  ap_memory |    score_out    |     array    |
|score_out_q0        |  in |    8|  ap_memory |    score_out    |     array    |
|i                   |  in |   32|   ap_none  |        i        |    scalar    |
+--------------------+-----+-----+------------+-----------------+--------------+

