23:32:14 INFO  : Launching XSDB server: xsdb.bat -s D:/Xilinx/SDK/2015.2/scripts/xsdb/xsdb/xsdb-server.tcl
23:32:17 INFO  : Processing command line option -hwspec D:/Vivado_Projects/project/643project/BigPE/BigPE.sdk/design_1_wrapper.hdf.
23:32:18 INFO  : XSDB server has started successfully.
23:36:05 INFO  : Connected to target on host '127.0.0.1' and port '3121'.
23:36:06 INFO  : 'targets -set -filter {jtag_cable_name =~ "Digilent Zed 210248686160" && level==0} -index 1' command is executed.
23:36:09 INFO  : FPGA configured successfully with bitstream "D:/Vivado_Projects/project/643project/BigPE/BigPE.sdk/design_1_wrapper_hw_platform_0/design_1_wrapper.bit"
23:36:30 INFO  : ps7_init is completed.
23:36:30 INFO  : ps7_post_config is completed.
23:36:30 INFO  : Processor reset is completed for ps7_cortexa9_0
23:40:51 INFO  : Processor reset is completed for ps7_cortexa9_0
00:26:16 INFO  : SDK has detected change in the last modified timestamps for source hardware specification file Source:1448860779616,  Project:1448857577968
00:26:16 INFO  : Project design_1_wrapper_hw_platform_0's source hardware specification located at D:/Vivado_Projects/project/643project/BigPE/BigPE.sdk/design_1_wrapper.hdf is now different from the local copy.
		 The local copy will be replaced with the source specification and your workspace will be updated.
00:26:17 INFO  : Copied contents of D:/Vivado_Projects/project/643project/BigPE/BigPE.sdk/design_1_wrapper.hdf into \design_1_wrapper_hw_platform_0\system.hdf.
00:26:23 INFO  : Synchronizing projects in the workspace with the hardware platform specification changes.
00:26:25 INFO  : 
00:26:26 INFO  : Updating hardware inferred compiler options for BigPE.
00:26:26 INFO  : Clearing existing target manager status.
00:26:26 INFO  : Closing and re-opening the MSS file of ther project BigPE_bsp
00:26:27 INFO  : Workspace synchronized with the new hardware specification file. Cleaning dependent projects...
00:26:28 WARN  : Linker script will not be updated automatically. Users need to update it manually.
00:26:32 INFO  : Connected to target on host '127.0.0.1' and port '3121'.
00:26:32 INFO  : 'targets -set -filter {jtag_cable_name =~ "Digilent Zed 210248686160" && level==0} -index 1' command is executed.
00:26:35 INFO  : FPGA configured successfully with bitstream "D:/Vivado_Projects/project/643project/BigPE/BigPE.sdk/design_1_wrapper_hw_platform_0/design_1_wrapper.bit"
00:28:37 INFO  : ps7_init is completed.
00:28:37 INFO  : ps7_post_config is completed.
00:28:38 INFO  : Processor reset is completed for ps7_cortexa9_0
00:29:10 INFO  : Processor reset is completed for ps7_cortexa9_0
01:03:02 ERROR : Unexpected error while parsing XMD response ?: com.google.gson.JsonSyntaxException: com.google.gson.stream.MalformedJsonException: invalid number or unquoted string near 
