13:30:57 INFO  : Launching XSDB server: xsdb.bat -s C:/Xilinx/SDK/2015.2/scripts/xsdb/xsdb/xsdb-server.tcl
13:31:00 INFO  : Processing command line option -hwspec C:/Users/Nathaniel2/Desktop/TOM/SinglePE/SinglePE.sdk/design_1_wrapper.hdf.
13:31:01 INFO  : XSDB server has started successfully.
13:44:47 INFO  : Connected to target on host '127.0.0.1' and port '3121'.
13:44:47 INFO  : 'targets -set -filter {jtag_cable_name =~ "Digilent Zed 210248687524" && level==0} -index 1' command is executed.
13:44:49 INFO  : FPGA configured successfully with bitstream "C:/Users/Nathaniel2/Desktop/TOM/SinglePE/SinglePE.sdk/design_1_wrapper_hw_platform_0/design_1_wrapper.bit"
13:50:13 ERROR : Unexpected error while launching program.
java.lang.IllegalArgumentException: Path for project must have only one segment.
	at org.eclipse.core.runtime.Assert.isLegal(Assert.java:63)
	at org.eclipse.core.internal.resources.WorkspaceRoot.getProject(WorkspaceRoot.java:184)
	at org.eclipse.cdt.debug.core.CDebugUtils.verifyCProject(CDebugUtils.java:586)
	at org.eclipse.cdt.debug.core.CDebugUtils.verifyProgramPath(CDebugUtils.java:623)
	at org.eclipse.cdt.debug.core.CDebugUtils.verifyProgramPath(CDebugUtils.java:675)
	at com.xilinx.sdk.debug.core.XilinxAppLaunchConfigurationDelegate.runApplication(XilinxAppLaunchConfigurationDelegate.java:550)
	at com.xilinx.sdk.debug.core.XilinxAppLaunchConfigurationDelegate.launch(XilinxAppLaunchConfigurationDelegate.java:296)
	at com.xilinx.sdk.debug.ui.XilinxAppLaunchDelegateWrapper.launch(XilinxAppLaunchDelegateWrapper.java:31)
	at org.eclipse.debug.internal.core.LaunchConfiguration.launch(LaunchConfiguration.java:858)
	at org.eclipse.debug.internal.core.LaunchConfiguration.launch(LaunchConfiguration.java:707)
	at org.eclipse.debug.internal.ui.DebugUIPlugin.buildAndLaunch(DebugUIPlugin.java:1018)
	at org.eclipse.debug.internal.ui.DebugUIPlugin$8.run(DebugUIPlugin.java:1222)
	at org.eclipse.core.internal.jobs.Worker.run(Worker.java:53)
13:52:59 ERROR : Unexpected error while launching program.
java.lang.RuntimeException: Error while sourcing C:/Users/Nathaniel2/Desktop/TOM/SinglePE/SinglePE.sdk/design_1_wrapper_hw_platform_0/design_1_bd.tcl : invalid command name "version"
	at com.xilinx.sdk.targetmanager.internal.TM.sourceTcl(TM.java:1005)
	at com.xilinx.sdk.debug.core.XilinxAppLaunchConfigurationDelegate.runTargetSetup(XilinxAppLaunchConfigurationDelegate.java:413)
	at com.xilinx.sdk.debug.core.XilinxAppLaunchConfigurationDelegate.runApplication(XilinxAppLaunchConfigurationDelegate.java:588)
	at com.xilinx.sdk.debug.core.XilinxAppLaunchConfigurationDelegate.launch(XilinxAppLaunchConfigurationDelegate.java:296)
	at com.xilinx.sdk.debug.ui.XilinxAppLaunchDelegateWrapper.launch(XilinxAppLaunchDelegateWrapper.java:31)
	at org.eclipse.debug.internal.core.LaunchConfiguration.launch(LaunchConfiguration.java:858)
	at org.eclipse.debug.internal.core.LaunchConfiguration.launch(LaunchConfiguration.java:707)
	at org.eclipse.debug.internal.ui.DebugUIPlugin.buildAndLaunch(DebugUIPlugin.java:1018)
	at org.eclipse.debug.internal.ui.DebugUIPlugin$8.run(DebugUIPlugin.java:1222)
	at org.eclipse.core.internal.jobs.Worker.run(Worker.java:53)
13:55:03 ERROR : Unexpected error while launching program.
java.lang.RuntimeException: Error while sourcing C:/Users/Nathaniel2/Desktop/TOM/SinglePE/SinglePE.sdk/design_1_wrapper_hw_platform_0/design_1_bd.tcl : invalid command name "version"
	at com.xilinx.sdk.targetmanager.internal.TM.sourceTcl(TM.java:1005)
	at com.xilinx.sdk.debug.core.XilinxAppLaunchConfigurationDelegate.runTargetSetup(XilinxAppLaunchConfigurationDelegate.java:413)
	at com.xilinx.sdk.debug.core.XilinxAppLaunchConfigurationDelegate.runApplication(XilinxAppLaunchConfigurationDelegate.java:588)
	at com.xilinx.sdk.debug.core.XilinxAppLaunchConfigurationDelegate.launch(XilinxAppLaunchConfigurationDelegate.java:296)
	at com.xilinx.sdk.debug.ui.XilinxAppLaunchDelegateWrapper.launch(XilinxAppLaunchDelegateWrapper.java:31)
	at org.eclipse.debug.internal.core.LaunchConfiguration.launch(LaunchConfiguration.java:858)
	at org.eclipse.debug.internal.core.LaunchConfiguration.launch(LaunchConfiguration.java:707)
	at org.eclipse.debug.internal.ui.DebugUIPlugin.buildAndLaunch(DebugUIPlugin.java:1018)
	at org.eclipse.debug.internal.ui.DebugUIPlugin$8.run(DebugUIPlugin.java:1222)
	at org.eclipse.core.internal.jobs.Worker.run(Worker.java:53)
13:55:36 INFO  : System reset is completed.
13:55:39 INFO  : FPGA configured successfully with bitstream "C:/Users/Nathaniel2/Desktop/TOM/SinglePE/SinglePE.sdk/design_1_wrapper_hw_platform_0/design_1_wrapper.bit"
13:55:39 ERROR : Unexpected error while launching program.
java.lang.RuntimeException: Failed to download ELF file


    Cannot access DDR: the controller is held in reset

	at com.xilinx.sdk.targetmanager.internal.TM.downloadELF(TM.java:670)
	at com.xilinx.sdk.debug.core.internal.AppRunner.run(AppRunner.java:129)
	at com.xilinx.sdk.debug.core.XilinxAppLaunchConfigurationDelegate.runApplication(XilinxAppLaunchConfigurationDelegate.java:609)
	at com.xilinx.sdk.debug.core.XilinxAppLaunchConfigurationDelegate.launch(XilinxAppLaunchConfigurationDelegate.java:296)
	at com.xilinx.sdk.debug.ui.XilinxAppLaunchDelegateWrapper.launch(XilinxAppLaunchDelegateWrapper.java:31)
	at org.eclipse.debug.internal.core.LaunchConfiguration.launch(LaunchConfiguration.java:858)
	at org.eclipse.debug.internal.core.LaunchConfiguration.launch(LaunchConfiguration.java:707)
	at org.eclipse.debug.internal.ui.DebugUIPlugin.buildAndLaunch(DebugUIPlugin.java:1018)
	at org.eclipse.debug.internal.ui.DebugUIPlugin$8.run(DebugUIPlugin.java:1222)
	at org.eclipse.core.internal.jobs.Worker.run(Worker.java:53)
13:56:06 INFO  : Connected to target on host '127.0.0.1' and port '3121'.
13:56:07 INFO  : 'targets -set -filter {jtag_cable_name =~ "Digilent Zed 210248687524" && level==0} -index 1' command is executed.
13:56:09 INFO  : FPGA configured successfully with bitstream "C:/Users/Nathaniel2/Desktop/TOM/SinglePE/SinglePE.sdk/design_1_wrapper_hw_platform_0/design_1_wrapper.bit"
14:00:48 ERROR : Unexpected error while parsing XMD response ?: com.google.gson.JsonSyntaxException: com.google.gson.stream.MalformedJsonException: invalid number or unquoted string near 
14:01:04 INFO  : Launching XSDB server: xsdb.bat -s C:/Xilinx/SDK/2015.2/scripts/xsdb/xsdb/xsdb-server.tcl
14:01:05 INFO  : Processing command line option -hwspec C:/Users/Nathaniel2/Desktop/TOM/SinglePE/SinglePE.sdk/design_1_wrapper.hdf.
14:01:06 INFO  : XSDB server has started successfully.
14:01:06 INFO  : Checking for hwspec changes in the project design_1_wrapper_hw_platform_0.
14:02:21 INFO  : Connected to target on host '127.0.0.1' and port '3121'.
14:02:22 INFO  : 'targets -set -filter {jtag_cable_name =~ "Digilent Zed 210248687524" && level==0} -index 1' command is executed.
14:02:25 INFO  : FPGA configured successfully with bitstream "C:/Users/Nathaniel2/Desktop/TOM/SinglePE/SinglePE.sdk/design_1_wrapper_hw_platform_0/design_1_wrapper.bit"
14:02:54 INFO  : System reset is completed.
14:02:57 INFO  : FPGA configured successfully with bitstream "C:/Users/Nathaniel2/Desktop/TOM/SinglePE/SinglePE.sdk/design_1_wrapper_hw_platform_0/design_1_wrapper.bit"
14:02:59 ERROR : Unexpected error while launching program.
com.xilinx.sdk.targetmanager.TMException: Error downloading program to target: 
	at com.xilinx.sdk.debug.core.XilinxAppLaunchConfigurationDelegate.loadProgram(XilinxAppLaunchConfigurationDelegate.java:837)
	at com.xilinx.sdk.debug.core.XilinxAppLaunchConfigurationDelegate.debugApplication(XilinxAppLaunchConfigurationDelegate.java:718)
	at com.xilinx.sdk.debug.core.XilinxAppLaunchConfigurationDelegate.launch(XilinxAppLaunchConfigurationDelegate.java:298)
	at com.xilinx.sdk.debug.ui.XilinxAppLaunchDelegateWrapper.launch(XilinxAppLaunchDelegateWrapper.java:31)
	at org.eclipse.debug.internal.core.LaunchConfiguration.launch(LaunchConfiguration.java:858)
	at org.eclipse.debug.internal.core.LaunchConfiguration.launch(LaunchConfiguration.java:707)
	at org.eclipse.debug.internal.ui.DebugUIPlugin.buildAndLaunch(DebugUIPlugin.java:1018)
	at org.eclipse.debug.internal.ui.DebugUIPlugin$8.run(DebugUIPlugin.java:1222)
	at org.eclipse.core.internal.jobs.Worker.run(Worker.java:53)
14:03:41 INFO  : Processor reset is completed for ps7_cortexa9_0
14:03:41 ERROR : Unexpected error while launching program.
java.lang.RuntimeException: Failed to download ELF file


    Cannot access DDR: the controller is held in reset

	at com.xilinx.sdk.targetmanager.internal.TM.downloadELF(TM.java:670)
	at com.xilinx.sdk.debug.core.internal.AppRunner.run(AppRunner.java:129)
	at com.xilinx.sdk.debug.core.XilinxAppLaunchConfigurationDelegate.runApplication(XilinxAppLaunchConfigurationDelegate.java:609)
	at com.xilinx.sdk.debug.core.XilinxAppLaunchConfigurationDelegate.launch(XilinxAppLaunchConfigurationDelegate.java:296)
	at com.xilinx.sdk.debug.ui.XilinxAppLaunchDelegateWrapper.launch(XilinxAppLaunchDelegateWrapper.java:31)
	at org.eclipse.debug.internal.core.LaunchConfiguration.launch(LaunchConfiguration.java:858)
	at org.eclipse.debug.internal.core.LaunchConfiguration.launch(LaunchConfiguration.java:707)
	at org.eclipse.debug.internal.ui.DebugUIPlugin.buildAndLaunch(DebugUIPlugin.java:1018)
	at org.eclipse.debug.internal.ui.DebugUIPlugin$8.run(DebugUIPlugin.java:1222)
	at org.eclipse.core.internal.jobs.Worker.run(Worker.java:53)
14:03:52 ERROR : Unexpected error while parsing XMD response ?: com.google.gson.JsonSyntaxException: com.google.gson.stream.MalformedJsonException: invalid number or unquoted string near 
14:04:16 INFO  : Launching XSDB server: xsdb.bat -s C:/Xilinx/SDK/2015.2/scripts/xsdb/xsdb/xsdb-server.tcl
14:04:17 INFO  : Processing command line option -hwspec C:/Users/Nathaniel2/Desktop/TOM/SinglePE/SinglePE.sdk/design_1_wrapper.hdf.
14:04:18 INFO  : XSDB server has started successfully.
14:04:18 INFO  : Checking for hwspec changes in the project design_1_wrapper_hw_platform_0.
14:04:53 INFO  : Processor reset is completed for ps7_cortexa9_0
14:04:53 ERROR : Unexpected error while launching program.
java.lang.RuntimeException: Failed to download ELF file


    Cannot access DDR: the controller is held in reset

	at com.xilinx.sdk.targetmanager.internal.TM.downloadELF(TM.java:670)
	at com.xilinx.sdk.debug.core.internal.AppRunner.run(AppRunner.java:129)
	at com.xilinx.sdk.debug.core.XilinxAppLaunchConfigurationDelegate.runApplication(XilinxAppLaunchConfigurationDelegate.java:609)
	at com.xilinx.sdk.debug.core.XilinxAppLaunchConfigurationDelegate.launch(XilinxAppLaunchConfigurationDelegate.java:296)
	at com.xilinx.sdk.debug.ui.XilinxAppLaunchDelegateWrapper.launch(XilinxAppLaunchDelegateWrapper.java:31)
	at org.eclipse.debug.internal.core.LaunchConfiguration.launch(LaunchConfiguration.java:858)
	at org.eclipse.debug.internal.core.LaunchConfiguration.launch(LaunchConfiguration.java:707)
	at org.eclipse.debug.internal.ui.DebugUIPlugin.buildAndLaunch(DebugUIPlugin.java:1018)
	at org.eclipse.debug.internal.ui.DebugUIPlugin$8.run(DebugUIPlugin.java:1222)
	at org.eclipse.core.internal.jobs.Worker.run(Worker.java:53)
14:05:37 ERROR : Unexpected error while parsing XMD response ?: com.google.gson.JsonSyntaxException: com.google.gson.stream.MalformedJsonException: invalid number or unquoted string near 
14:05:48 INFO  : Launching XSDB server: xsdb.bat -s C:/Xilinx/SDK/2015.2/scripts/xsdb/xsdb/xsdb-server.tcl
14:05:49 INFO  : Processing command line option -hwspec C:/Users/Nathaniel2/Desktop/TOM/SinglePE/SinglePE.sdk/design_1_wrapper.hdf.
14:05:50 INFO  : XSDB server has started successfully.
14:05:50 INFO  : Checking for hwspec changes in the project design_1_wrapper_hw_platform_0.
14:07:04 INFO  : Processor reset is completed for ps7_cortexa9_0
14:07:04 ERROR : Unexpected error while launching program.
java.lang.RuntimeException: Failed to download ELF file


    Cannot access DDR: the controller is held in reset

	at com.xilinx.sdk.targetmanager.internal.TM.downloadELF(TM.java:670)
	at com.xilinx.sdk.debug.core.internal.AppRunner.run(AppRunner.java:129)
	at com.xilinx.sdk.debug.core.XilinxAppLaunchConfigurationDelegate.runApplication(XilinxAppLaunchConfigurationDelegate.java:609)
	at com.xilinx.sdk.debug.core.XilinxAppLaunchConfigurationDelegate.launch(XilinxAppLaunchConfigurationDelegate.java:296)
	at com.xilinx.sdk.debug.ui.XilinxAppLaunchDelegateWrapper.launch(XilinxAppLaunchDelegateWrapper.java:31)
	at org.eclipse.debug.internal.core.LaunchConfiguration.launch(LaunchConfiguration.java:858)
	at org.eclipse.debug.internal.core.LaunchConfiguration.launch(LaunchConfiguration.java:707)
	at org.eclipse.debug.internal.ui.DebugUIPlugin.buildAndLaunch(DebugUIPlugin.java:1018)
	at org.eclipse.debug.internal.ui.DebugUIPlugin$8.run(DebugUIPlugin.java:1222)
	at org.eclipse.core.internal.jobs.Worker.run(Worker.java:53)
14:14:59 ERROR : Unexpected error while parsing XMD response ?: com.google.gson.JsonSyntaxException: com.google.gson.stream.MalformedJsonException: invalid number or unquoted string near 
14:15:17 INFO  : Launching XSDB server: xsdb.bat -s C:/Xilinx/SDK/2015.2/scripts/xsdb/xsdb/xsdb-server.tcl
14:15:18 INFO  : Processing command line option -hwspec C:/Users/Nathaniel2/Desktop/TOM/SinglePE/SinglePE.sdk/design_1_wrapper.hdf.
14:15:19 INFO  : XSDB server has started successfully.
14:15:19 INFO  : Checking for hwspec changes in the project design_1_wrapper_hw_platform_0.
14:16:08 INFO  : Connected to target on host '127.0.0.1' and port '3121'.
14:16:08 INFO  : 'targets -set -filter {jtag_cable_name =~ "Digilent Zed 210248687524" && level==0} -index 1' command is executed.
14:16:10 INFO  : FPGA configured successfully with bitstream "C:/Users/Nathaniel2/Desktop/TOM/SinglePE/SinglePE.sdk/design_1_wrapper_hw_platform_0/design_1_wrapper.bit"
14:17:06 INFO  : System reset is completed.
14:17:09 INFO  : FPGA configured successfully with bitstream "C:/Users/Nathaniel2/Desktop/TOM/SinglePE/SinglePE.sdk/design_1_wrapper_hw_platform_0/design_1_wrapper.bit"
14:17:10 ERROR : Unexpected error while launching program.
java.lang.RuntimeException: Failed to download ELF file


    Cannot access DDR: the controller is held in reset

	at com.xilinx.sdk.targetmanager.internal.TM.downloadELF(TM.java:670)
	at com.xilinx.sdk.debug.core.internal.AppRunner.run(AppRunner.java:129)
	at com.xilinx.sdk.debug.core.XilinxAppLaunchConfigurationDelegate.runApplication(XilinxAppLaunchConfigurationDelegate.java:609)
	at com.xilinx.sdk.debug.core.XilinxAppLaunchConfigurationDelegate.launch(XilinxAppLaunchConfigurationDelegate.java:296)
	at com.xilinx.sdk.debug.ui.XilinxAppLaunchDelegateWrapper.launch(XilinxAppLaunchDelegateWrapper.java:31)
	at org.eclipse.debug.internal.core.LaunchConfiguration.launch(LaunchConfiguration.java:858)
	at org.eclipse.debug.internal.core.LaunchConfiguration.launch(LaunchConfiguration.java:707)
	at org.eclipse.debug.internal.ui.DebugUIPlugin.buildAndLaunch(DebugUIPlugin.java:1018)
	at org.eclipse.debug.internal.ui.DebugUIPlugin$8.run(DebugUIPlugin.java:1222)
	at org.eclipse.core.internal.jobs.Worker.run(Worker.java:53)
14:19:52 ERROR : Unexpected error while parsing XMD response ?: com.google.gson.JsonSyntaxException: com.google.gson.stream.MalformedJsonException: invalid number or unquoted string near 
14:20:05 INFO  : Launching XSDB server: xsdb.bat -s C:/Xilinx/SDK/2015.2/scripts/xsdb/xsdb/xsdb-server.tcl
14:20:07 INFO  : Processing command line option -hwspec C:/Users/Nathaniel2/Desktop/TOM/SinglePE/SinglePE.sdk/design_1_wrapper.hdf.
14:20:07 INFO  : XSDB server has started successfully.
14:20:08 INFO  : Checking for hwspec changes in the project design_1_wrapper_hw_platform_0.
14:20:37 INFO  : Connected to target on host '127.0.0.1' and port '3121'.
14:20:38 INFO  : 'targets -set -filter {jtag_cable_name =~ "Digilent Zed 210248687524" && level==0} -index 1' command is executed.
14:20:40 INFO  : FPGA configured successfully with bitstream "C:/Users/Nathaniel2/Desktop/TOM/SinglePE/SinglePE.sdk/design_1_wrapper_hw_platform_0/design_1_wrapper.bit"
14:21:12 INFO  : System reset is completed.
14:21:15 INFO  : FPGA configured successfully with bitstream "C:/Users/Nathaniel2/Desktop/TOM/SinglePE/SinglePE.sdk/design_1_wrapper_hw_platform_0/design_1_wrapper.bit"
14:21:15 INFO  : ps7_init is completed.
14:22:52 INFO  : System reset is completed.
14:23:00 INFO  : FPGA configured successfully with bitstream "C:/Users/Nathaniel2/Desktop/TOM/SinglePE/SinglePE.sdk/design_1_wrapper_hw_platform_0/design_1_wrapper.bit"
14:23:06 ERROR : Unexpected error while launching program.
java.lang.RuntimeException: Error while running ps7_init method.
Cannot write to target


    AP transaction error (DP CTRL_STAT=0xf0000021)
    Error Address = 0xf8000008


	at com.xilinx.sdk.targetmanager.internal.TM.run_ps7_init(TM.java:1073)
	at com.xilinx.sdk.debug.core.XilinxAppLaunchConfigurationDelegate.runTargetSetup(XilinxAppLaunchConfigurationDelegate.java:486)
	at com.xilinx.sdk.debug.core.XilinxAppLaunchConfigurationDelegate.runApplication(XilinxAppLaunchConfigurationDelegate.java:588)
	at com.xilinx.sdk.debug.core.XilinxAppLaunchConfigurationDelegate.launch(XilinxAppLaunchConfigurationDelegate.java:296)
	at com.xilinx.sdk.debug.ui.XilinxAppLaunchDelegateWrapper.launch(XilinxAppLaunchDelegateWrapper.java:31)
	at org.eclipse.debug.internal.core.LaunchConfiguration.launch(LaunchConfiguration.java:858)
	at org.eclipse.debug.internal.core.LaunchConfiguration.launch(LaunchConfiguration.java:707)
	at org.eclipse.debug.internal.ui.DebugUIPlugin.buildAndLaunch(DebugUIPlugin.java:1018)
	at org.eclipse.debug.internal.ui.DebugUIPlugin$8.run(DebugUIPlugin.java:1222)
	at org.eclipse.core.internal.jobs.Worker.run(Worker.java:53)
14:24:32 INFO  : Connected to target on host '127.0.0.1' and port '3121'.
14:24:33 INFO  : 'targets -set -filter {jtag_cable_name =~ "Digilent Zed 210248687524" && level==0} -index 1' command is executed.
14:24:35 INFO  : FPGA configured successfully with bitstream "C:/Users/Nathaniel2/Desktop/TOM/SinglePE/SinglePE.sdk/design_1_wrapper_hw_platform_0/design_1_wrapper.bit"
14:24:47 INFO  : System reset is completed.
14:24:50 INFO  : FPGA configured successfully with bitstream "C:/Users/Nathaniel2/Desktop/TOM/SinglePE/SinglePE.sdk/design_1_wrapper_hw_platform_0/design_1_wrapper.bit"
14:24:51 INFO  : ps7_init is completed.
14:24:51 INFO  : ps7_post_config is completed.
14:35:40 INFO  : System reset is completed.
14:35:43 INFO  : FPGA configured successfully with bitstream "C:/Users/Nathaniel2/Desktop/TOM/SinglePE/SinglePE.sdk/design_1_wrapper_hw_platform_0/design_1_wrapper.bit"
14:35:44 INFO  : ps7_init is completed.
14:35:44 INFO  : ps7_post_config is completed.
14:40:56 INFO  : System reset is completed.
14:41:00 INFO  : FPGA configured successfully with bitstream "C:/Users/Nathaniel2/Desktop/TOM/SinglePE/SinglePE.sdk/design_1_wrapper_hw_platform_0/design_1_wrapper.bit"
14:41:01 INFO  : ps7_init is completed.
14:41:01 INFO  : ps7_post_config is completed.
14:49:12 INFO  : System reset is completed.
14:49:15 INFO  : FPGA configured successfully with bitstream "C:/Users/Nathaniel2/Desktop/TOM/SinglePE/SinglePE.sdk/design_1_wrapper_hw_platform_0/design_1_wrapper.bit"
14:49:16 INFO  : ps7_init is completed.
14:49:16 INFO  : ps7_post_config is completed.
14:50:33 INFO  : System reset is completed.
14:50:35 INFO  : FPGA configured successfully with bitstream "C:/Users/Nathaniel2/Desktop/TOM/SinglePE/SinglePE.sdk/design_1_wrapper_hw_platform_0/design_1_wrapper.bit"
14:50:36 INFO  : ps7_init is completed.
14:50:36 INFO  : ps7_post_config is completed.
15:15:24 INFO  : SDK has detected change in the last modified timestamps for source hardware specification file Source:1448136879424,  Project:1448126176022
15:15:24 INFO  : Project design_1_wrapper_hw_platform_0's source hardware specification located at C:/Users/Nathaniel2/Desktop/TOM/SinglePE/SinglePE.sdk/design_1_wrapper.hdf is now different from the local copy.
		 The local copy will be replaced with the source specification and your workspace will be updated.
15:15:31 INFO  : Copied contents of C:/Users/Nathaniel2/Desktop/TOM/SinglePE/SinglePE.sdk/design_1_wrapper.hdf into \design_1_wrapper_hw_platform_0\system.hdf.
15:15:37 INFO  : Synchronizing projects in the workspace with the hardware platform specification changes.
15:15:41 INFO  : 
15:15:41 INFO  : Updating hardware inferred compiler options for SingleRead.
15:15:41 INFO  : Clearing existing target manager status.
15:15:41 INFO  : Closing and re-opening the MSS file of ther project SingleRead_bsp
15:15:42 INFO  : Closing and re-opening the MSS file of ther project SingleRead_bsp
15:15:42 INFO  : Closing and re-opening the MSS file of ther project SingleRead_bsp
15:15:42 INFO  : Workspace synchronized with the new hardware specification file. Cleaning dependent projects...
15:15:44 WARN  : Linker script will not be updated automatically. Users need to update it manually.
15:17:26 INFO  : System reset is completed.
15:17:29 INFO  : FPGA configured successfully with bitstream "C:/Users/Nathaniel2/Desktop/TOM/SinglePE/SinglePE.sdk/design_1_wrapper_hw_platform_0/design_1_wrapper.bit"
15:17:30 INFO  : ps7_init is completed.
15:17:30 INFO  : ps7_post_config is completed.
15:41:25 INFO  : SDK has detected change in the last modified timestamps for source hardware specification file Source:1448138452115,  Project:1448136879424
15:41:25 INFO  : Project design_1_wrapper_hw_platform_0's source hardware specification located at C:/Users/Nathaniel2/Desktop/TOM/SinglePE/SinglePE.sdk/design_1_wrapper.hdf is now different from the local copy.
		 The local copy will be replaced with the source specification and your workspace will be updated.
15:41:29 INFO  : Copied contents of C:/Users/Nathaniel2/Desktop/TOM/SinglePE/SinglePE.sdk/design_1_wrapper.hdf into \design_1_wrapper_hw_platform_0\system.hdf.
15:41:34 INFO  : Synchronizing projects in the workspace with the hardware platform specification changes.
15:41:38 INFO  : 
15:41:38 INFO  : Updating hardware inferred compiler options for SingleRead.
15:41:38 INFO  : Clearing existing target manager status.
15:41:38 INFO  : Closing and re-opening the MSS file of ther project SingleRead_bsp
15:41:39 INFO  : Closing and re-opening the MSS file of ther project SingleRead_bsp
15:41:39 INFO  : Closing and re-opening the MSS file of ther project SingleRead_bsp
15:41:39 INFO  : Workspace synchronized with the new hardware specification file. Cleaning dependent projects...
15:41:40 WARN  : Linker script will not be updated automatically. Users need to update it manually.
15:42:43 INFO  : Connected to target on host '127.0.0.1' and port '3121'.
15:42:44 INFO  : 'targets -set -filter {jtag_cable_name =~ "Digilent Zed 210248687524" && level==0} -index 1' command is executed.
15:42:46 INFO  : FPGA configured successfully with bitstream "C:/Users/Nathaniel2/Desktop/TOM/SinglePE/SinglePE.sdk/design_1_wrapper_hw_platform_0/design_1_wrapper.bit"
15:43:04 INFO  : System reset is completed.
15:43:07 INFO  : FPGA configured successfully with bitstream "C:/Users/Nathaniel2/Desktop/TOM/SinglePE/SinglePE.sdk/design_1_wrapper_hw_platform_0/design_1_wrapper.bit"
15:43:08 INFO  : ps7_init is completed.
15:43:08 INFO  : ps7_post_config is completed.
15:44:11 INFO  : Connected to target on host '127.0.0.1' and port '3121'.
15:44:11 INFO  : 'targets -set -filter {jtag_cable_name =~ "Digilent Zed 210248687524" && level==0} -index 1' command is executed.
15:44:14 INFO  : FPGA configured successfully with bitstream "C:/Users/Nathaniel2/Desktop/TOM/SinglePE/SinglePE.sdk/design_1_wrapper_hw_platform_0/design_1_wrapper.bit"
15:44:24 INFO  : System reset is completed.
15:44:27 INFO  : FPGA configured successfully with bitstream "C:/Users/Nathaniel2/Desktop/TOM/SinglePE/SinglePE.sdk/design_1_wrapper_hw_platform_0/design_1_wrapper.bit"
15:44:28 INFO  : ps7_init is completed.
15:44:28 INFO  : ps7_post_config is completed.
15:51:12 INFO  : System reset is completed.
15:51:15 INFO  : FPGA configured successfully with bitstream "C:/Users/Nathaniel2/Desktop/TOM/SinglePE/SinglePE.sdk/design_1_wrapper_hw_platform_0/design_1_wrapper.bit"
15:51:16 INFO  : ps7_init is completed.
15:51:16 INFO  : ps7_post_config is completed.
15:53:28 INFO  : System reset is completed.
15:53:31 INFO  : FPGA configured successfully with bitstream "C:/Users/Nathaniel2/Desktop/TOM/SinglePE/SinglePE.sdk/design_1_wrapper_hw_platform_0/design_1_wrapper.bit"
15:53:32 INFO  : ps7_init is completed.
15:53:32 INFO  : ps7_post_config is completed.
15:57:30 INFO  : System reset is completed.
15:57:33 INFO  : FPGA configured successfully with bitstream "C:/Users/Nathaniel2/Desktop/TOM/SinglePE/SinglePE.sdk/design_1_wrapper_hw_platform_0/design_1_wrapper.bit"
15:57:34 INFO  : ps7_init is completed.
15:57:34 INFO  : ps7_post_config is completed.
15:59:35 INFO  : System reset is completed.
15:59:38 INFO  : FPGA configured successfully with bitstream "C:/Users/Nathaniel2/Desktop/TOM/SinglePE/SinglePE.sdk/design_1_wrapper_hw_platform_0/design_1_wrapper.bit"
15:59:39 INFO  : ps7_init is completed.
15:59:39 INFO  : ps7_post_config is completed.
16:01:37 INFO  : System reset is completed.
16:01:39 INFO  : FPGA configured successfully with bitstream "C:/Users/Nathaniel2/Desktop/TOM/SinglePE/SinglePE.sdk/design_1_wrapper_hw_platform_0/design_1_wrapper.bit"
16:01:40 INFO  : ps7_init is completed.
16:01:40 INFO  : ps7_post_config is completed.
16:02:52 INFO  : System reset is completed.
16:02:55 INFO  : FPGA configured successfully with bitstream "C:/Users/Nathaniel2/Desktop/TOM/SinglePE/SinglePE.sdk/design_1_wrapper_hw_platform_0/design_1_wrapper.bit"
16:02:56 INFO  : ps7_init is completed.
16:02:56 INFO  : ps7_post_config is completed.
16:05:47 INFO  : ps7_cortexa9_0 Processor is in use. Please stop existing Run or Debug sessions before launching.
16:05:51 INFO  : System reset is completed.
16:05:54 INFO  : FPGA configured successfully with bitstream "C:/Users/Nathaniel2/Desktop/TOM/SinglePE/SinglePE.sdk/design_1_wrapper_hw_platform_0/design_1_wrapper.bit"
16:05:55 INFO  : ps7_init is completed.
16:05:55 INFO  : ps7_post_config is completed.
16:18:17 INFO  : System reset is completed.
16:18:20 INFO  : FPGA configured successfully with bitstream "C:/Users/Nathaniel2/Desktop/TOM/SinglePE/SinglePE.sdk/design_1_wrapper_hw_platform_0/design_1_wrapper.bit"
16:18:21 INFO  : ps7_init is completed.
16:18:21 INFO  : ps7_post_config is completed.
16:18:38 INFO  : System reset is completed.
16:18:41 INFO  : FPGA configured successfully with bitstream "C:/Users/Nathaniel2/Desktop/TOM/SinglePE/SinglePE.sdk/design_1_wrapper_hw_platform_0/design_1_wrapper.bit"
16:18:42 INFO  : ps7_init is completed.
16:18:42 INFO  : ps7_post_config is completed.
16:21:33 INFO  : System reset is completed.
16:21:37 INFO  : FPGA configured successfully with bitstream "C:/Users/Nathaniel2/Desktop/TOM/SinglePE/SinglePE.sdk/design_1_wrapper_hw_platform_0/design_1_wrapper.bit"
16:21:37 INFO  : ps7_init is completed.
16:21:37 INFO  : ps7_post_config is completed.
16:23:17 INFO  : System reset is completed.
16:23:20 INFO  : FPGA configured successfully with bitstream "C:/Users/Nathaniel2/Desktop/TOM/SinglePE/SinglePE.sdk/design_1_wrapper_hw_platform_0/design_1_wrapper.bit"
16:23:21 INFO  : ps7_init is completed.
16:23:21 INFO  : ps7_post_config is completed.
16:59:57 ERROR : Unexpected error while parsing XMD response ?: com.google.gson.JsonSyntaxException: com.google.gson.stream.MalformedJsonException: invalid number or unquoted string near 
