==============================================================
File generated by Vivado(TM) HLS - High-Level Synthesis from C, C++ and SystemC
Version: 2015.2
Copyright (C) 2015 Xilinx Inc. All rights reserved.

==============================================================

@I [SYN-201] Setting up clock 'default' with a period of 5ns.
@I [LIC-101] Checked out feature [HLS]
@I [HLS-10] Setting target device to 'xc7z020clg484-1'
@E [SIM-366] Cannot delete directory  'sim/wrapc': it is being used by another program. Please close the program and try again.
error deleting "D:/Vivado_Projects/project/643project/HLS/solution1/sim/wrapc\cosim.tv.exe": permission denied
@E [SIM-4] *** C/RTL co-simulation finished: FAIL ***
command 'ap_source' returned error code
    while executing
"source D:/Vivado_Projects/project/643project/HLS/solution1/cosim.tcl"
    invoked from within
"hls::main D:/Vivado_Projects/project/643project/HLS/solution1/cosim.tcl"
    ("uplevel" body line 1)
    invoked from within
"uplevel 1 hls::main {*}$args"
    (procedure "hls_proc" line 5)
    invoked from within
"hls_proc $argv"
@I [LIC-101] Checked in feature [HLS]
