@I [HLS-0] Workspace C:/Users/Nathaniel/643_PE/solution1 opened at Sun Nov 15 12:28:39 -0500 2015
@I [HLS-100] Command "config_clock -quiet -name default -period 5 -default=false "
@I [SYN-201] Setting up clock 'default' with a period of 5ns.
@I [HLS-100] Command 'config_clock' returned 0; elapsed 0Total elapsed time: 1.196 sec.
@I [HLS-100] Command "open_platform DefaultPlatform "
@I [HLS-100] Command 'open_platform' returned 0; elapsed 0Total elapsed time: 1.196 sec.
@I [HLS-100] Command "import_lib S:/Xilinx/Vivado_HLS/2015.2/common/technology/xilinx/zynq/zynq "
@I [HLS-100] Command "source S:/Xilinx/Vivado_HLS/2015.2/common/technology/xilinx/common/xilinx.lib "
@I [HLS-100] Command "source S:/Xilinx/Vivado_HLS/2015.2/common/technology/xilinx/interface/xilinx_interface.lib "
@I [HLS-100] Command "source S:/Xilinx/Vivado_HLS/2015.2/common/technology/xilinx/interface/plb46.lib "
@I [HLS-100] Command 'ap_source' returned 0; elapsed 0Total elapsed time: 1.197 sec.
@I [HLS-100] Command "source S:/Xilinx/Vivado_HLS/2015.2/common/technology/xilinx/interface/fsl.lib "
@I [HLS-100] Command 'ap_source' returned 0; elapsed 0Total elapsed time: 1.197 sec.
@I [HLS-100] Command "source S:/Xilinx/Vivado_HLS/2015.2/common/technology/xilinx/interface/axi4.lib "
@I [HLS-100] Command 'ap_source' returned 0; elapsed 0Total elapsed time: 1.197 sec.
@I [HLS-100] Command "source S:/Xilinx/Vivado_HLS/2015.2/common/technology/xilinx/interface/maxi.lib "
@I [HLS-100] Command 'ap_source' returned 0; elapsed 0Total elapsed time: 1.197 sec.
@I [HLS-100] Command "source S:/Xilinx/Vivado_HLS/2015.2/common/technology/xilinx/interface/saxilite.lib "
@I [HLS-100] Command 'ap_source' returned 0; elapsed 0Total elapsed time: 1.197 sec.
@I [HLS-100] Command 'ap_source' returned 0; elapsed 0Total elapsed time: 1.197 sec.
@I [HLS-100] Command "source S:/Xilinx/Vivado_HLS/2015.2/common/technology/xilinx/common/dsp48.lib "
@I [HLS-100] Command 'ap_source' returned 0; elapsed 0Total elapsed time: 1.197 sec.
@I [HLS-100] Command "source S:/Xilinx/Vivado_HLS/2015.2/common/technology/xilinx/ip/dds_compiler.lib "
@I [HLS-100] Command 'ap_source' returned 0; elapsed 0Total elapsed time: 1.198 sec.
@I [HLS-100] Command "source S:/Xilinx/Vivado_HLS/2015.2/common/technology/xilinx/ip/xfft.lib "
@I [HLS-100] Command 'ap_source' returned 0; elapsed 0Total elapsed time: 1.198 sec.
@I [HLS-100] Command "source S:/Xilinx/Vivado_HLS/2015.2/common/technology/xilinx/ip/xfir.lib "
@I [HLS-100] Command 'ap_source' returned 0; elapsed 0Total elapsed time: 1.198 sec.
@I [HLS-100] Command 'ap_source' returned 0; elapsed 0.003Total elapsed time: 1.199 sec.
@I [HLS-100] Command "source S:/Xilinx/Vivado_HLS/2015.2/common/technology/xilinx/common/xilinx_old.lib "
@I [HLS-100] Command 'ap_source' returned 0; elapsed 0Total elapsed time: 1.199 sec.
@I [HLS-100] Command "source S:/Xilinx/Vivado_HLS/2015.2/common/technology/xilinx/common/xilinx_vivado.lib "
@I [HLS-100] Command 'ap_source' returned 0; elapsed 0.001Total elapsed time: 1.200 sec.
@I [HLS-100] Command "source S:/Xilinx/Vivado_HLS/2015.2/common/technology/xilinx/common/xilinx.hlp "
@I [HLS-100] Command "source S:/Xilinx/Vivado_HLS/2015.2/common/technology/xilinx/common/target_info.tcl "
@I [HLS-100] Command 'ap_source' returned 0; elapsed 0.001Total elapsed time: 1.202 sec.
@I [HLS-100] Command "source S:/Xilinx/Vivado_HLS/2015.2/common/technology/xilinx/interface/xilinx_interface.hlp "
@I [HLS-100] Command "source S:/Xilinx/Vivado_HLS/2015.2/common/technology/xilinx/interface/maxi.hlp "
@I [HLS-100] Command 'ap_source' returned 0; elapsed 0Total elapsed time: 1.202 sec.
@I [HLS-100] Command "source S:/Xilinx/Vivado_HLS/2015.2/common/technology/xilinx/interface/saxilite.hlp "
@I [HLS-100] Command 'ap_source' returned 0; elapsed 0Total elapsed time: 1.202 sec.
@I [HLS-100] Command 'ap_source' returned 0; elapsed 0Total elapsed time: 1.202 sec.
@I [HLS-100] Command "source S:/Xilinx/Vivado_HLS/2015.2/common/technology/xilinx/common/dsp48.hlp "
@I [HLS-100] Command 'ap_source' returned 0; elapsed 0.001Total elapsed time: 1.203 sec.
@I [HLS-100] Command 'ap_source' returned 0; elapsed 0.002Total elapsed time: 1.203 sec.
@I [HLS-100] Command "source S:/Xilinx/Vivado_HLS/2015.2/common/technology/xilinx/zynq/dsp48e1.hlp "
@I [HLS-100] Command 'ap_source' returned 0; elapsed 0Total elapsed time: 1.203 sec.
@I [HLS-100] Command "get_default_platform "
@I [HLS-100] Command 'get_default_platform' returned 0; elapsed 0Total elapsed time: 1.203 sec.
@I [HLS-100] Command "config_chip_info -quiet -resource  {SLICE 13300}  {LUT 53200}     {FF 106400} {DSP48E 220}   {BRAM 280}  "
@I [HLS-100] Command 'config_chip_info' returned 0; elapsed 0Total elapsed time: 1.203 sec.
@I [HLS-100] Command "config_chip_info -quiet -speed medium "
@I [HLS-100] Command 'config_chip_info' returned 0; elapsed 0Total elapsed time: 1.203 sec.
@I [HLS-100] Command 'import_lib' returned 0; elapsed 0.008Total elapsed time: 1.204 sec.
@I [HLS-100] Command "source S:/Xilinx/Vivado_HLS/2015.2/common/technology/xilinx/zynq/zynq.gen "
@I [HLS-100] Command "source S:/Xilinx/Vivado_HLS/2015.2/common/technology/xilinx/common/virtex.gen "
@I [HLS-100] Command "source S:/Xilinx/Vivado_HLS/2015.2/common/technology/xilinx/common/xilinx.gen "
@I [HLS-100] Command "source S:/Xilinx/Vivado_HLS/2015.2/common/technology/xilinx/interface/plb46.gen "
@I [HLS-100] Command 'ap_source' returned 0; elapsed 0.001Total elapsed time: 1.205 sec.
@I [HLS-100] Command "source S:/Xilinx/Vivado_HLS/2015.2/common/technology/xilinx/interface/fsl.gen "
@I [HLS-100] Command 'ap_source' returned 0; elapsed 0.001Total elapsed time: 1.206 sec.
@I [HLS-100] Command "source S:/Xilinx/Vivado_HLS/2015.2/common/technology/xilinx/interface/axi4.gen "
@I [HLS-100] Command 'ap_source' returned 0; elapsed 0.001Total elapsed time: 1.207 sec.
@I [HLS-100] Command "source S:/Xilinx/Vivado_HLS/2015.2/common/technology/xilinx/interface/nativeAXI4.gen "
@I [HLS-100] Command "source S:/Xilinx/Vivado_HLS/2015.2/common/technology/xilinx/interface/saxilite.gen "
@I [HLS-100] Command 'ap_source' returned 0; elapsed 0.002Total elapsed time: 1.209 sec.
@I [HLS-100] Command "source S:/Xilinx/Vivado_HLS/2015.2/common/technology/xilinx/interface/maxi.gen "
@I [HLS-100] Command 'ap_source' returned 0; elapsed 0.005Total elapsed time: 1.214 sec.
@I [HLS-100] Command 'ap_source' returned 0; elapsed 0.007Total elapsed time: 1.214 sec.
@I [HLS-100] Command "source S:/Xilinx/Vivado_HLS/2015.2/common/technology/xilinx/scripts/xilinxcoregen.gen "
@I [HLS-100] Command 'ap_source' returned 0; elapsed 0.007Total elapsed time: 1.221 sec.
@I [HLS-100] Command "source S:/Xilinx/Vivado_HLS/2015.2/common/technology/xilinx/interface/XilEDKCoreGen.gen "
@I [HLS-100] Command 'ap_source' returned 0; elapsed 0.006Total elapsed time: 1.227 sec.
@I [HLS-100] Command "source S:/Xilinx/Vivado_HLS/2015.2/common/technology/xilinx/ip/dds_compiler.gen "
@I [HLS-100] Command 'ap_source' returned 0; elapsed 0.002Total elapsed time: 1.229 sec.
@I [HLS-100] Command "source S:/Xilinx/Vivado_HLS/2015.2/common/technology/xilinx/ip/util.gen "
@I [HLS-100] Command 'ap_source' returned 0; elapsed 0Total elapsed time: 1.229 sec.
@I [HLS-100] Command "source S:/Xilinx/Vivado_HLS/2015.2/common/technology/xilinx/ip/xfft.gen "
@I [HLS-100] Command 'ap_source' returned 0; elapsed 0.071Total elapsed time: 1.300 sec.
@I [HLS-100] Command "source S:/Xilinx/Vivado_HLS/2015.2/common/technology/xilinx/ip/xfir.gen "
@I [HLS-100] Command "source S:/Xilinx/Vivado_HLS/2015.2/tps/tcl/tcllib1.11.1/struct/list.tcl "
@I [HLS-100] Command "source S:/Xilinx/Vivado_HLS/2015.2/tps/tcl/tcllib1.11.1/cmdline/cmdline.tcl "
@I [HLS-100] Command 'ap_source' returned 0; elapsed 0.001Total elapsed time: 1.317 sec.
@I [HLS-100] Command 'ap_source' returned 0; elapsed 0.007Total elapsed time: 1.317 sec.
@I [HLS-100] Command "source S:/Xilinx/Vivado_HLS/2015.2/tps/tcl/tcllib1.11.1/math/bignum.tcl "
@I [HLS-100] Command 'ap_source' returned 0; elapsed 0Total elapsed time: 1.322 sec.
@I [HLS-100] Command 'ap_source' returned 0; elapsed 0.026Total elapsed time: 1.326 sec.
@I [HLS-100] Command 'ap_source' returned 0; elapsed 0.122Total elapsed time: 1.326 sec.
@I [HLS-100] Command "source S:/Xilinx/Vivado_HLS/2015.2/common/technology/xilinx/common/dsp48.gen "
@I [HLS-100] Command 'ap_source' returned 0; elapsed 0Total elapsed time: 1.327 sec.
@I [HLS-100] Command 'ap_source' returned 0; elapsed 0.123Total elapsed time: 1.327 sec.
@I [HLS-100] Command 'ap_source' returned 0; elapsed 0.123Total elapsed time: 1.327 sec.
@I [HLS-100] Command "open_platform DefaultPlatform "
@I [HLS-100] Command 'open_platform' returned 0; elapsed 0Total elapsed time: 1.327 sec.
@I [HLS-100] Command "import_lib S:/Xilinx/Vivado_HLS/2015.2/common/technology/xilinx/zynq/zynq_fpv6 "
@I [HLS-100] Command "source S:/Xilinx/Vivado_HLS/2015.2/common/technology/xilinx/common/xilinx_fpv7.lib "
@I [HLS-100] Command 'ap_source' returned 0; elapsed 0.001Total elapsed time: 1.329 sec.
@I [HLS-100] Command "source S:/Xilinx/Vivado_HLS/2015.2/common/technology/xilinx/common/xilinx_fpv.hlp "
@I [HLS-100] Command "source S:/Xilinx/Vivado_HLS/2015.2/common/technology/xilinx/common/xilinx.hlp "
@I [HLS-100] Command "source S:/Xilinx/Vivado_HLS/2015.2/common/technology/xilinx/common/target_info.tcl "
@I [HLS-100] Command 'ap_source' returned 0; elapsed 0.004Total elapsed time: 1.337 sec.
@I [HLS-100] Command "source S:/Xilinx/Vivado_HLS/2015.2/common/technology/xilinx/interface/xilinx_interface.hlp "
@I [HLS-100] Command "source S:/Xilinx/Vivado_HLS/2015.2/common/technology/xilinx/interface/maxi.hlp "
@I [HLS-100] Command 'ap_source' returned 0; elapsed 0Total elapsed time: 1.337 sec.
@I [HLS-100] Command "source S:/Xilinx/Vivado_HLS/2015.2/common/technology/xilinx/interface/saxilite.hlp "
@I [HLS-100] Command 'ap_source' returned 0; elapsed 0Total elapsed time: 1.337 sec.
@I [HLS-100] Command 'ap_source' returned 0; elapsed 0Total elapsed time: 1.337 sec.
@I [HLS-100] Command "source S:/Xilinx/Vivado_HLS/2015.2/common/technology/xilinx/common/dsp48.hlp "
@I [HLS-100] Command 'ap_source' returned 0; elapsed 0.001Total elapsed time: 1.338 sec.
@I [HLS-100] Command 'ap_source' returned 0; elapsed 0.005Total elapsed time: 1.338 sec.
@I [HLS-100] Command 'ap_source' returned 0; elapsed 0.006Total elapsed time: 1.338 sec.
@I [HLS-100] Command 'import_lib' returned 0; elapsed 0.013Total elapsed time: 1.340 sec.
@I [HLS-100] Command "source S:/Xilinx/Vivado_HLS/2015.2/common/technology/xilinx/zynq/zynq_fpv6.gen "
@I [HLS-100] Command "source S:/Xilinx/Vivado_HLS/2015.2/common/technology/xilinx/common/xilinx_fpv6.gen "
@I [HLS-100] Command 'ap_source' returned 0; elapsed 0.001Total elapsed time: 1.341 sec.
@I [HLS-100] Command 'ap_source' returned 0; elapsed 0.001Total elapsed time: 1.341 sec.
@I [HLS-100] Command "set_part xc7z020clg484-1 "
@I [HLS-100] Command "add_library xilinx/zynq/zynq:xc7z020:clg484:-1 "
@I [HLS-100] Command "get_default_platform "
@I [HLS-100] Command 'get_default_platform' returned 0; elapsed 0Total elapsed time: 1.344 sec.
@I [HLS-100] Command "license_exists VIVADO_HLS "
@I [HLS-100] Command 'license_exists' returned 1; elapsed 0.186Total elapsed time: 1.530 sec.
@I [HLS-100] Command "license_exists ap_opencl "
@I [HLS-100] Command 'license_exists' returned 1; elapsed 0.15Total elapsed time: 1.680 sec.
@I [HLS-100] Command "license_exists ap_sdsoc "
@I [HLS-100] Command 'license_exists' returned 1; elapsed 0.138Total elapsed time: 1.818 sec.
@I [HLS-100] Command "license_exists AUTOESL_NI "
@I [HLS-100] Command 'license_exists' returned 1; elapsed 0.147Total elapsed time: 1.965 sec.
@I [HLS-100] Command "license_exists HLS "
@I [LICQ-103] Checked out feature [HLS]
@I [LIC-101] Checked out feature [HLS]
@I [HLS-100] Command 'license_exists' returned 0; elapsed 0.18Total elapsed time: 2.146 sec.
@I [HLS-100] Command "get_default_platform "
@I [HLS-100] Command 'get_default_platform' returned 0; elapsed 0Total elapsed time: 2.146 sec.
@I [HLS-100] Command "config_chip_info -quiet -resource  {SLICE 13300}  {LUT 53200}     {FF 106400} {DSP48E 220}   {BRAM 280}  "
@I [HLS-100] Command 'config_chip_info' returned 0; elapsed 0Total elapsed time: 2.146 sec.
@I [HLS-100] Command "config_chip_info -quiet -speed slow "
@I [HLS-100] Command 'config_chip_info' returned 0; elapsed 0Total elapsed time: 2.147 sec.
@I [HLS-100] Command 'add_library' returned 0; elapsed 0.804Total elapsed time: 2.148 sec.
@I [HLS-100] Command "add_library xilinx/zynq/zynq_fpv6 "
@I [HLS-100] Command "get_default_platform "
@I [HLS-100] Command 'get_default_platform' returned 0; elapsed 0Total elapsed time: 2.148 sec.
@I [HLS-100] Command "license_exists VIVADO_HLS "
@I [HLS-100] Command 'license_exists' returned 1; elapsed 0.162Total elapsed time: 2.310 sec.
@I [HLS-100] Command "license_exists ap_opencl "
@I [HLS-100] Command 'license_exists' returned 1; elapsed 0.134Total elapsed time: 2.444 sec.
@I [HLS-100] Command "license_exists ap_sdsoc "
@I [HLS-100] Command 'license_exists' returned 1; elapsed 0.15Total elapsed time: 2.594 sec.
@I [HLS-100] Command "license_exists AUTOESL_NI "
@I [HLS-100] Command 'license_exists' returned 1; elapsed 0.208Total elapsed time: 2.802 sec.
@I [HLS-100] Command "license_exists HLS "
@I [HLS-100] Command 'license_exists' returned 0; elapsed 0Total elapsed time: 2.802 sec.
@I [HLS-100] Command 'add_library' returned 0; elapsed 0.655Total elapsed time: 2.803 sec.
@I [HLS-10] Setting target device to 'xc7z020clg484-1'
@I [HLS-100] Command 'set_part' returned 0; elapsed 1.461Total elapsed time: 2.803 sec.
@I [HLS-100] Command "get_default_platform "
@I [HLS-100] Command 'get_default_platform' returned 0; elapsed 0Total elapsed time: 2.803 sec.
@I [HLS-100] Command "config_chip_info -quiet -resource  {SLICE 13300}  {LUT 53200}     {FF 106400} {DSP48E 220}   {BRAM 280}  "
@I [HLS-100] Command 'config_chip_info' returned 0; elapsed 0Total elapsed time: 2.803 sec.
@I [HLS-100] Command "config_chip_info -quiet -speed slow "
@I [HLS-100] Command 'config_chip_info' returned 0; elapsed 0Total elapsed time: 2.803 sec.
@I [HLS-100] Command 'open_solution' returned 0; elapsed 1.619Total elapsed time: 2.803 sec.
@I [HLS-100] Command "set_part xc7z020clg484-1 "
@I [HLS-100] Command "add_library xilinx/zynq/zynq:xc7z020:clg484:-1 "
@I [HLS-100] Command "get_default_platform "
@I [HLS-100] Command 'get_default_platform' returned 0; elapsed 0Total elapsed time: 2.814 sec.
@I [HLS-100] Command "license_exists VIVADO_HLS "
@I [HLS-100] Command 'license_exists' returned 1; elapsed 0.172Total elapsed time: 2.986 sec.
@I [HLS-100] Command "license_exists ap_opencl "
@I [HLS-100] Command 'license_exists' returned 1; elapsed 0.27Total elapsed time: 3.256 sec.
@I [HLS-100] Command "license_exists ap_sdsoc "
@I [HLS-100] Command 'license_exists' returned 1; elapsed 0.138Total elapsed time: 3.394 sec.
@I [HLS-100] Command "license_exists AUTOESL_NI "
@I [HLS-100] Command 'license_exists' returned 1; elapsed 0.142Total elapsed time: 3.536 sec.
@I [HLS-100] Command "license_exists HLS "
@I [HLS-100] Command 'license_exists' returned 0; elapsed 0Total elapsed time: 3.536 sec.
@I [HLS-100] Command "get_default_platform "
@I [HLS-100] Command 'get_default_platform' returned 0; elapsed 0Total elapsed time: 3.536 sec.
@I [HLS-100] Command "config_chip_info -quiet -resource  {SLICE 13300}  {LUT 53200}     {FF 106400} {DSP48E 220}   {BRAM 280}  "
@I [HLS-100] Command 'config_chip_info' returned 0; elapsed 0Total elapsed time: 3.537 sec.
@I [HLS-100] Command "config_chip_info -quiet -speed slow "
@I [HLS-100] Command 'config_chip_info' returned 0; elapsed 0Total elapsed time: 3.537 sec.
@I [HLS-100] Command 'add_library' returned 0; elapsed 0.724Total elapsed time: 3.537 sec.
@I [HLS-100] Command "add_library xilinx/zynq/zynq_fpv6 "
@I [HLS-100] Command "get_default_platform "
@I [HLS-100] Command 'get_default_platform' returned 0; elapsed 0Total elapsed time: 3.538 sec.
@I [HLS-100] Command "license_exists VIVADO_HLS "
@I [HLS-100] Command 'license_exists' returned 1; elapsed 0.144Total elapsed time: 3.682 sec.
@I [HLS-100] Command "license_exists ap_opencl "
@I [HLS-100] Command 'license_exists' returned 1; elapsed 0.166Total elapsed time: 3.848 sec.
@I [HLS-100] Command "license_exists ap_sdsoc "
@I [HLS-100] Command 'license_exists' returned 1; elapsed 0.148Total elapsed time: 3.996 sec.
@I [HLS-100] Command "license_exists AUTOESL_NI "
@I [HLS-100] Command 'license_exists' returned 1; elapsed 0.155Total elapsed time: 4.151 sec.
@I [HLS-100] Command "license_exists HLS "
@I [HLS-100] Command 'license_exists' returned 0; elapsed 0Total elapsed time: 4.151 sec.
@I [HLS-100] Command 'add_library' returned 0; elapsed 0.615Total elapsed time: 4.152 sec.
@I [HLS-100] Command 'set_part' returned 0; elapsed 1.349Total elapsed time: 4.152 sec.
@I [HLS-100] Command "create_clock -period 5 -name default "
@I [HLS-100] Command "config_clock -quiet -name default -period 5 -default=false "
@I [SYN-201] Setting up clock 'default' with a period of 5ns.
@I [HLS-100] Command 'config_clock' returned 0; elapsed 0Total elapsed time: 4.153 sec.
@I [HLS-100] Command 'create_clock' returned 0; elapsed 0.001Total elapsed time: 4.153 sec.
@I [HLS-100] Command "source ./643_PE/solution1/directives.tcl "
@I [HLS-100] Command "set_directive_pipeline needlemanWunsch/COL "
@I [HLS-100] Command 'set_directive_pipeline' returned 0; elapsed 0Total elapsed time: 4.161 sec.
@I [HLS-100] Command 'ap_source' returned 0; elapsed 0.008Total elapsed time: 4.161 sec.
@I [HLS-100] Command "csynth_design "
@I [HLS-100] Command "elaborate -effort=medium -skip_syncheck=0 -lm=0 -skip_cdt=0 -skip_transform=0 -ng=0 -g=0 -opt_fp=0 "
@I [HLS-10] Analyzing design file 'S:/Documents/CMU/Masters-Fall/18643/643project/HLS/week3.c' ... 
@0 [HLS-0] Analyzing design file 'S:/Documents/CMU/Masters-Fall/18643/643project/HLS/week3.c' ... 
@I [HLS-0] Compiling one TU...
@I [HLS-0] 
Checking before pre-process: exec clang -fno-limit-debug-info -gcc-toolchain "S:/Xilinx/Vivado_HLS/2015.2/msys" -hls    -fno-math-errno -c -emit-llvm -O0  -mllvm -disable-llvm-optzns -std=gnu89   -DAESL_SYN -D__SYNTHESIS__ -D__HLS_SYN__ -I "S:/Xilinx/Vivado_HLS/2015.2/common/technology/autopilot" -I "S:/Xilinx/Vivado_HLS/2015.2/common/technology/autopilot/ap_sysc" -include etc/autopilot_ssdm_op.h -D__cdecl=  "S:/Documents/CMU/Masters-Fall/18643/643project/HLS/week3.c"  -o "C:/Users/Nathaniel/643_PE/solution1/.autopilot/db/week3.pp.00.o"

@I [HLS-100] Command "is_encrypted C:/Users/Nathaniel/643_PE/solution1/.autopilot/db/week3.pp.00.o "
@I [HLS-100] Command 'is_encrypted' returned 0; elapsed 0.001Total elapsed time: 4.397 sec.
@I [HLS-0] Syntax Checker time: 0 seconds per iteration
@I [HLS-0] 
Source preprocessing: exec clang -fno-limit-debug-info -gcc-toolchain "S:/Xilinx/Vivado_HLS/2015.2/msys" -hls -fno-exceptions  -D__llvm__  -CC -E "S:/Documents/CMU/Masters-Fall/18643/643project/HLS/week3.c"     -fno-math-errno -c -emit-llvm -O0  -mllvm -disable-llvm-optzns -std=gnu89   -DAESL_SYN -D__SYNTHESIS__ -D__HLS_SYN__ -I "S:/Xilinx/Vivado_HLS/2015.2/common/technology/autopilot" -I "S:/Xilinx/Vivado_HLS/2015.2/common/technology/autopilot/ap_sysc" -include etc/autopilot_ssdm_op.h -D__cdecl=  -o "C:/Users/Nathaniel/643_PE/solution1/.autopilot/db/week3.pp.0.c"

@I [HLS-0] GCC PP time: 0 seconds per iteration
@I [HLS-0] Setting directive 'PIPELINE' 
@I [HLS-100] Command "list_core -type functional_unit "
@I [HLS-100] Command 'list_core' returned 0; elapsed 0Total elapsed time: 4.621 sec.
@I [HLS-0] Marker-Pragma convertor: C:/Users/Nathaniel/643_PE/solution1/.autopilot/db/week3.pp.0.c C:/Users/Nathaniel/643_PE/solution1/.autopilot/db/week3.pp.0.c.ap-line.c C:/Users/Nathaniel/643_PE/solution1/.autopilot/db/week3.pp.0.c.ap-line.c.CXX 1
@I [HLS-0] 
Source processor: exec S:/Xilinx/Vivado_HLS/2015.2/tps/win64/jre/bin/java -Xmx512m -classpath   "S:/Xilinx/Vivado_HLS/2015.2/lib/classes/autopilot.sourceprocessor.jar;S:/Xilinx/Vivado_HLS/2015.2/lib/classes/org.eclipse.cdt.core_5.3.0.xilinx_patch.jar;S:/Xilinx/Vivado_HLS/2015.2/lib/classes/org.eclipse.core.runtime_3.7.0.v20110110.jar;S:/Xilinx/Vivado_HLS/2015.2/lib/classes/org.eclipse.equinox.common_3.6.0.v20110523.jar;S:/Xilinx/Vivado_HLS/2015.2/lib/classes/com.ibm.icu_4.4.2.v20110208.jar;S:/Xilinx/Vivado_HLS/2015.2/lib/classes/jargs.jar;S:/Xilinx/Vivado_HLS/2015.2/win64/tools/eclipse/plugins/org.eclipse.emf.common_2.10.0.v20140514-1158.jar;S:/Xilinx/Vivado_HLS/2015.2/win64/tools/eclipse/plugins/org.eclipse.emf.ecore_2.10.0.v20140514-1158.jar;S:/Xilinx/Vivado_HLS/2015.2/win64/tools/eclipse/plugins/org.eclipse.emf.ecore.xmi_2.10.0.v20140514-1158.jar;S:/Xilinx/Vivado_HLS/2015.2/win64/tools/eclipse/plugins/com.autoesl.autopilot.ui.directiveFileModel_1.0.0.jar;S:/Xilinx/Vivado_HLS/2015.2/win64/tools/eclipse/plugins/com.autoesl.autopilot.ui.common_1.0.0.jar"  autopilot.sourceprocessor.CParser  "C:/Users/Nathaniel/643_PE/solution1/.autopilot/db/week3.pp.0.c.ap-line.c"  -m "needlemanWunsch" -o "C:/Users/Nathaniel/643_PE/solution1/.autopilot/db/week3.pp.0.c.ap-cdt.c" -c --pp --directive C:/Users/Nathaniel/643_PE/solution1/solution1.directive --source S:/Documents/CMU/Masters-Fall/18643/643project/HLS/week3.c --error C:/Users/Nathaniel/643_PE/solution1/.autopilot/db --funcunit "AddSub AddSub_DSP AddSubnS DAddSub_fulldsp DAddSub_nodsp DDiv DExp_fulldsp DExp_meddsp DExp_nodsp DLog_fulldsp DLog_meddsp DLog_nodsp DMul_fulldsp DMul_maxdsp DMul_meddsp DMul_nodsp DRSqrt DRecip DSqrt DivnS FAddSub_fulldsp FAddSub_nodsp FDiv FExp_fulldsp FExp_meddsp FExp_nodsp FLog_fulldsp FLog_meddsp FLog_nodsp FMul_fulldsp FMul_maxdsp FMul_meddsp FMul_nodsp FRSqrt_fulldsp FRSqrt_nodsp FRecip_fulldsp FRecip_nodsp FSqrt Mul Mul2S Mul3S Mul4S Mul5S Mul6S MulnS MuxnS" --ca --gf --df --pd --p2d C:/Users/Nathaniel/643_PE/solution1/.autopilot/db --sd --scff C:/Users/Nathaniel/643_PE/solution1/.autopilot/db/.systemc_flag --ad

@I [HLS-0] Marker-Pragma convertor: C:/Users/Nathaniel/643_PE/solution1/.autopilot/db/week3.pp.0.c.ap-cdt.c C:/Users/Nathaniel/643_PE/solution1/.autopilot/db/week3.pragma.0.c C:/Users/Nathaniel/643_PE/solution1/.autopilot/db/week3.pragma.0.c.ap-line.CXX 0
@I [HLS-100] Command "source C:/Users/Nathaniel/643_PE/solution1/.autopilot/db/pragma.status.tcl "
@I [HLS-100] Command 'ap_source' returned 0; elapsed 0Total elapsed time: 5.362 sec.
@I [HLS-0] CDT processor time: 0 seconds per iteration
@I [HLS-0] Pragma handling time: 0 seconds per iteration
@I [HLS-0] 
Source preprocessing: exec clang -fno-limit-debug-info -gcc-toolchain "S:/Xilinx/Vivado_HLS/2015.2/msys" -hls -fno-exceptions  -D__llvm__  -CC -E "C:/Users/Nathaniel/643_PE/solution1/.autopilot/db/week3.pragma.1.c"     -fno-math-errno -c -emit-llvm -O0  -mllvm -disable-llvm-optzns -std=gnu89   -DAESL_SYN -D__SYNTHESIS__ -D__HLS_SYN__ -I "S:/Xilinx/Vivado_HLS/2015.2/common/technology/autopilot" -I "S:/Xilinx/Vivado_HLS/2015.2/common/technology/autopilot/ap_sysc" -include etc/autopilot_ssdm_op.h -D__cdecl=  -o "C:/Users/Nathaniel/643_PE/solution1/.autopilot/db/week3.pragma.2.c"

@I [HLS-0] exec clang -fno-limit-debug-info -gcc-toolchain S:/Xilinx/Vivado_HLS/2015.2/msys -hls -hls-analyze-label -hls-analyze-pragma -fno-exceptions  -D__llvm__  -w  "C:/Users/Nathaniel/643_PE/solution1/.autopilot/db/week3.pragma.2.c"    -fno-math-errno -c -emit-llvm -O0  -mllvm -disable-llvm-optzns -std=gnu89  -DAESL_SYN -D__SYNTHESIS__ -D__HLS_SYN__ -I "S:/Xilinx/Vivado_HLS/2015.2/common/technology/autopilot" -I "S:/Xilinx/Vivado_HLS/2015.2/common/technology/autopilot/ap_sysc" -include etc/autopilot_ssdm_op.h -g -o "C:/Users/Nathaniel/643_PE/solution1/.autopilot/db/week3.g.bc"
@I [HLS-10] Validating synthesis directives ...
@0 [HLS-0] Validating synthesis directives ...
@I [HLS-100] Command "source C:/Users/Nathaniel/643_PE/solution1/.autopilot/db/pragma.status.tcl "
@I [HLS-100] Command 'ap_source' returned 0; elapsed 0.004Total elapsed time: 5.893 sec.
@I [HLS-0] Linking all ...
@I [HLS-0] exec llvm-ld  "C:/Users/Nathaniel/643_PE/solution1/.autopilot/db/week3.bc"  -disable-opt  -LS:/Xilinx/Vivado_HLS/2015.2/win64/lib -lm_basic -o "C:/Users/Nathaniel/643_PE/solution1/.autopilot/db/a.o.pre"
@I [HLS-0] Link time: 0 seconds per iteration
@I [HLS-0] Linking all ...
@I [HLS-0] exec llvm-ld  "C:/Users/Nathaniel/643_PE/solution1/.autopilot/db/week3.g.bc"  -disable-opt  -LS:/Xilinx/Vivado_HLS/2015.2/win64/lib -lm_basic -o "C:/Users/Nathaniel/643_PE/solution1/.autopilot/db/a.g.pre"
@I [HLS-0] Link time: 0 seconds per iteration
@I [HLS-100] Command "opt_and_import_c a -opt_level=2 -skip_syncheck=0 -ng=0 "
@I [HLS-100] Command "cleanup_all_models "
@I [HLS-100] Command 'cleanup_all_models' returned 0; elapsed 0Total elapsed time: 6.379 sec.
@I [HLS-10] Starting code transformations ...
@0 [HLS-0] Starting code transformations ...
@I [HLS-0] std xform: transform -hls -share-std-xform -always-inline -promote-dbg-pointer  -interface-preproc  -scalarrepl -mem2reg -keep-read-access -instcombine -dce  -promote-dbg-pointer  -bitop-raise  -indvars -loop-simplify -xunroll  -constprop -instcombine -simplifycfg -indvars  -simplifycfg -dce -globaldce  -basicaa  -simplifycfg -mem2reg -globalopt  -global-constprop -deadargelim -instcombine -simplifycfg  -prune-eh -simplifycfg  -scalarrepl -instcombine -reassociate -licm  -simplifycfg -loop-simplify -indvars -instcombine  -simplifycfg -mem2reg -loop-simplify -indvars -instcombine  -gvn -gvn -instcombine -adce  -break-crit-edges  -simplifycfg -loop-delete  -global-array-opt -dce -dse -adce  -find-syn-modules -top needlemanWunsch  -deadargelim  -mem2reg -instcombine -dce  -presyn-prepare -auto-rom-infer  -interface-preproc  -syn-check -check-rec-only  -find-region -simplifycfg -func-extr -function-inline  -globaldce -mem2reg -instcombine -dce   -gvn -globaldce -adce -adse  -constprop -instcombine -bit-constprop  -instcombine -dce -simplifycfg -bitop-raise  -simplifycfg -dce -loop-delete -reassociate  -globalopt -global-privatize -mem2reg -dce  -global-constprop -pointer-simplify -constprop -dce  -func-inst -deadargelim  -promote-dbg-pointer  -norm-name   C:/Users/Nathaniel/643_PE/solution1/.autopilot/db/a.g.0.bc -o C:/Users/Nathaniel/643_PE/solution1/.autopilot/db/a.g.1.bc -f  -phase std-opt
@I [HLS-0] Std xform time: 0 seconds per iteration
@I [HLS-100] Command "is_encrypted C:/Users/Nathaniel/643_PE/solution1/.autopilot/db/a.g.1.bc "
@I [HLS-100] Command 'is_encrypted' returned 0; elapsed 0Total elapsed time: 6.523 sec.
@I [HLS-10] Checking synthesizability ...
@0 [HLS-0] Checking synthesizability ...
@I [HLS-0] syn check 1/2: transform -hls -syn-check -check-rec-only -disaggr -scalarrepl -norm-name -dce  -mem2reg -instcombine  -function-uniquify -directive-preproc -mem2reg -dse -dce -auto-rom-infer -dce  -array-normalize -instcombine -dce  -array-seg-normalize -instcombine -dce  -array-flatten -instcombine -dce  -array-burst -dce  -deadargelim -promote-global-argument  -function-inline -globaldce -dce  -doublePtrSimplify -doublePtrElim -dce  -doublePtrSimplify -promote-dbg-pointer  -dce -scalarrepl -dse -adse -instcombine  -ptrLegalization  -simplifycfg -dce -instcombine  -pointer-simplify -ptrArgReplace -dce -instcombine   -disaggr -scalarrepl -norm-name -dce  -mem2reg -instcombine -ptrLegalization   -simplifycfg -deadargelim  -instcombine -dce -inst-simplify  -function-uniquify -directive-preproc -mem2reg -dse -dce  -globaldce    C:/Users/Nathaniel/643_PE/solution1/.autopilot/db/a.g.1.bc -o C:/Users/Nathaniel/643_PE/solution1/.autopilot/db/a.g.2.prechk.bc -f
@I [HLS-0] Syn check 1/2 time: 0 seconds per iteration
@I [HLS-0] syn check 2/2: transform -syn-check   C:/Users/Nathaniel/643_PE/solution1/.autopilot/db/a.g.2.prechk.bc -o C:/Users/Nathaniel/643_PE/solution1/.autopilot/db/a.g.2.bc -f  -phase syn-check
@I [HLS-0] Syn check 2/2 time: 0 seconds per iteration
@I [HLS-0] Compiler optimizing ...
@I [HLS-0] Share syncheck's 1.bc for syn flow: copy C:/Users/Nathaniel/643_PE/solution1/.autopilot/db/a.g.1.bc to C:/Users/Nathaniel/643_PE/solution1/.autopilot/db/a.o.1.bc
@I [HLS-0] presyn 1: transform -hls -tmp C:/Users/Nathaniel/643_PE/solution1/.autopilot/db -type-info  -function-uniquify -directive-preproc -mem2reg -dse -dce  -disaggr -scalarrepl -norm-name -deadargelim  -mem2reg -instcombine -dce -auto-rom-infer -dce -function-uniquify  -clib-intrinsic-prepare -dce  -func-buffer -dce -array-normalize  -func-legal -instcombine -gvn -constprop -dce   -ptrArgReplace -mem2reg -instcombine -dce  -array-seg-normalize -deadargelim  -instcombine -dce  -pointer-simplify -dce  -port-alignment -dce  -interface-preproc  -data-pack -instcombine -dce   -basicaa -aggr-aa -aggrmodref-aa -aggr-aa -gvn -gvn  -basicaa -aggr-aa -aggrmodref-aa -aggr-aa -dse -adse -adce  -loop-simplify -indvars -instcombine  -gvn -loop-simplify -mem2reg -dce -simplifycfg  -find-region -instcombine  -auto-loop-pipeline  -inst-simplify  -interface-preproc  -indvars -auto-loop-unroll -loop-simplify -loop-bound -xunroll  -constprop -instcombine -simplifycfg -indvars  -simplifycfg -dce -globaldce  -attach-range  -gvn -disable-agg-range -inst-simplify  -constprop -simplifycfg -dce  -pointer-simplify -dce  -globalopt -constprop -dce  -array-promote -constprop -instcombine -dce  -ptrArgReplace -mem2reg  -instcombine -simplifycfg -dce  -auto-par -instcombine -dce  -array-transform-check  -array-reshape -instcombine -simplifycfg -dce  -ptrArgReplace -deadargelim -mem2reg  -instcombine -simplifycfg -dce   -array-partition -instcombine -simplifycfg -dce  -ptrArgReplace -global-constprop -deadargelim -mem2reg  -func-legal -instcombine -dce -global-constprop -deadargelim -mem2reg  -instcombine -simplifycfg -dce   -globalopt -constprop -dce  -array-promote -constprop -instcombine -dce  -ptrArgReplace -mem2reg  -instcombine -simplifycfg -dce   -mem-intrinsic-preproc -dce  -global-privatize  -mem2reg -globaldce  -promote-global-argument  -ptrArgReplace -mem2reg -instcombine -dce  -globalopt -mergereturn -simplify-global-access -mem2reg -dce  -pointer-simplify -dce  -functionattrs  -basicaa -aggr-aa -aggrmodref-aa -aggr-aa -gvn -gvn  -basicaa -aggr-aa -aggrmodref-aa -aggr-aa -dse -adse -adce  -inst-simplify -dce -norm-name  -function-inline -globaldce  -func-inst -constprop -instcombine -simplifycfg -dce  -func-legal -dce   -loop-bound  -arraycheck -bitwidthmin -on-by-dataflow  -loop-delete -instcombine -simplifycfg -dce -loop-simplify -clean-region -simplifycfg -loop-stream -instcombine -simplifycfg -dce -globaldce  -stream-intrinsic-preproc -dce  -check-ap-stream -check-dataflow-syntax  -legalize-stream-variable -legalize-global -legalize-global-1  -extract-subproc -scalar-propagation -globaldce -mem2reg  -check-dataflow-channels -function-stream -dce -globaldce  -prop-fifo-spec -internal-stream-gen  -array-streaming -instcombine -simplifycfg -dce    -function-uniquify -directive-preproc -mem2reg -dse -dce  -group-axi-access    -simplifycfg -dce -loop-delete  -norm-name  C:/Users/Nathaniel/643_PE/solution1/.autopilot/db/a.o.1.bc -o C:/Users/Nathaniel/643_PE/solution1/.autopilot/db/a.o.1.tmp.bc -f
@I [HLS-0] Presyn 1 time: 0 seconds per iteration
@I [HLS-0] presyn 2: transform -hls -keep-callgraph -scalarrepl -mem2reg  -port-alignment -attach-range -dce  -pipe-mux-gen  -indvars -loop-bound  -inst-simplify -instcombine -dce  -merge-array-access -mem2reg -dce  -clean-region -mergereturn -if-conv  -instcombine -dce -constprop  -basicaa -aggr-aa -aggrmodref-aa -aggr-aa -gvn -gvn  -basicaa -aggr-aa -aggrmodref-aa -aggr-aa -dse -adse -adce  -scalarrepl -mem2reg  -global-constprop -deadargelim -deadargelim  -instcombine -dce -simplifycfg    -ptrArgReplace -mem2reg -function-inline  -globaldce -mem2reg -instcombine -dce -expr-balance  -instcombine -dce  -bitwidthmin  -directive-preproc  -inst-rectify -instcombine -dce  -functionattrs  -constprop -instcombine -bit-constprop  -simplify-global-access  -globalopt -globaldce  -inst-simplify -instcombine -elimdeaddata -dce  -loop-delete -simplifycfg   -norm-name C:/Users/Nathaniel/643_PE/solution1/.autopilot/db/a.o.1.tmp.bc -o C:/Users/Nathaniel/643_PE/solution1/.autopilot/db/a.o.2.bc -f  -phase presyn
@I [HLS-0] Presyn 2 time: 0 seconds per iteration
@I [HLS-100] Command "is_encrypted C:/Users/Nathaniel/643_PE/solution1/.autopilot/db/a.o.2.bc "
@I [HLS-100] Command 'is_encrypted' returned 0; elapsed 0Total elapsed time: 6.607 sec.
@I [HLS-0] build ssdm: transform -hls -function-uniquify -auto-function-inline -globaldce  -ptrArgReplace -mem2reg -instcombine -dce  -loop-simplify -indvars -licm -loop-dep  -loop-bound -licm -loop-simplify -flattenloopnest  -array-flatten -gvn -instcombine -dce  -array-map -dce -func-legal  -gvn -adce -instcombine -cfgopt -simplifycfg -loop-simplify   -array-burst -promote-global-argument -dce  -axi4-lower -array-seg-normalize  -basicaa -aggrmodref-aa -globalsmodref-aa -aggr-aa -gvn -gvn  -basicaa -aggrmodref-aa -globalsmodref-aa -aggr-aa -dse -adse -adce -licm  -inst-simplify -dce  -globaldce -array-streaming -instcombine  -dce   -deadargelim -doublePtrSimplify  -doublePtrElim -dce -doublePtrSimplify -promote-dbg-pointer  -dce -scalarrepl -mem2reg -disaggr -norm-name -mem2reg  -instcombine  -dse -adse -adce -ptrLegalization -dce -auto-rom-infer -array-flatten -dce -instcombine  -loop-rot -constprop -cfgopt -simplifycfg -loop-simplify -indvars -pointer-simplify -dce -loop-bound  -loop-simplify -loop-preproc  -constprop -global-constprop -gvn -mem2reg -instcombine -dce  -loop-merge -dce  -bitwidthmin  -scalar-propagation -globaldce -mem2reg  -interface-preproc -interface-gen  -deadargelim -directive-preproc -inst-simplify -dce  -gvn -mem2reg -instcombine -dce -adse  -loop-bound  -instcombine -cfgopt -simplifycfg -loop-simplify  -clean-region -io-protocol  -find-region -mem2reg  -bitop-raise  -inst-simplify -inst-rectify -instcombine -adce -deadargelim  -loop-simplify -phi-opt -bitop-raise  -cfgopt -simplifycfg -strip-dead-prototypes  -interface-lower -bitop-lower -intrinsic-lower -auto-function-inline  -basicaa -aggrmodref-aa -globalsmodref-aa -aggr-aa  -inst-simplify -simplifycfg   -mergereturn -inst-simplify -inst-rectify  -dce -bitop-lower  -loop-rewind -pointer-simplify -dce -cfgopt  -norm-name -legalize -read-loop-dep -dce -bitwidth   -cdfg-build  C:/Users/Nathaniel/643_PE/solution1/.autopilot/db/a.o.2.bc -o C:/Users/Nathaniel/643_PE/solution1/.autopilot/db/a.o.3.bc -f  -phase build-ssdm
@I [HLS-0] Build ssdm time: 0 seconds per iteration
@I [HLS-100] Command "is_encrypted C:/Users/Nathaniel/643_PE/solution1/.autopilot/db/a.o.3.bc "
@I [HLS-100] Command 'is_encrypted' returned 0; elapsed 0Total elapsed time: 6.652 sec.
@I [HLS-0] Finish building internal data model.
@I [HLS-100] Command 'opt_and_import_c' returned 0; elapsed 0.282Total elapsed time: 6.661 sec.
@I [HLS-111] Elapsed time: 6.666 seconds; current memory usage: 70.3 MB.
@I [HLS-100] Command 'elaborate' returned 0; elapsed 2.503Total elapsed time: 6.664 sec.
@I [HLS-100] Command "autosyn "
@I [HLS-10] Starting hardware synthesis ...
@0 [HLS-0] Starting hardware synthesis ...
@I [HLS-0] Synthesizing C/C++ design ...
@I [HLS-10] Synthesizing 'needlemanWunsch' ...
@0 [HLS-0] Synthesizing 'needlemanWunsch' ...
@I [HLS-100] Command "ap_set_top_model needlemanWunsch "
@I [HLS-100] Command 'ap_set_top_model' returned 0; elapsed 0Total elapsed time: 6.671 sec.
@I [HLS-100] Command "get_model_list needlemanWunsch -filter all-wo-channel -topdown "
@I [HLS-100] Command 'get_model_list' returned 0; elapsed 0Total elapsed time: 6.671 sec.
@I [HLS-100] Command "preproc_iomode -model needlemanWunsch "
@I [HLS-100] Command 'preproc_iomode' returned 0; elapsed 0Total elapsed time: 6.671 sec.
@I [HLS-100] Command "get_model_list needlemanWunsch -filter all-wo-channel "
@I [HLS-100] Command 'get_model_list' returned 0; elapsed 0Total elapsed time: 6.671 sec.
@I [HLS-0] Model list for configure: needlemanWunsch
@I [HLS-0] Configuring Module : needlemanWunsch ...
@I [HLS-100] Command "set_default_model needlemanWunsch "
@I [HLS-100] Command 'set_default_model' returned 0; elapsed 0Total elapsed time: 6.671 sec.
@I [HLS-100] Command "apply_spec_resource_limit needlemanWunsch "
@I [HLS-100] Command 'apply_spec_resource_limit' returned 0; elapsed 0Total elapsed time: 6.671 sec.
@I [HLS-0] Model list for preprocess: needlemanWunsch
@I [HLS-0] Preprocessing Module: needlemanWunsch ...
@I [HLS-100] Command "set_default_model needlemanWunsch "
@I [HLS-100] Command 'set_default_model' returned 0; elapsed 0Total elapsed time: 6.671 sec.
@I [HLS-100] Command "cdfg_preprocess -model needlemanWunsch "
@I [HLS-100] Command 'cdfg_preprocess' returned 0; elapsed 0.001Total elapsed time: 6.672 sec.
@I [HLS-100] Command "rtl_gen_preprocess needlemanWunsch "
@I [HLS-100] Command 'rtl_gen_preprocess' returned 0; elapsed 0Total elapsed time: 6.672 sec.
@I [HLS-0] Model list for synthesis: needlemanWunsch
@I [HLS-10] ----------------------------------------------------------------
@0 [HLS-0] ----------------------------------------------------------------
@I [HLS-10] -- Scheduling module 'needlemanWunsch' 
@0 [HLS-0] -- Scheduling module 'needlemanWunsch' 
@I [HLS-10] ----------------------------------------------------------------
@0 [HLS-0] ----------------------------------------------------------------
@I [HLS-100] Command "set_default_model needlemanWunsch "
@I [HLS-100] Command 'set_default_model' returned 0; elapsed 0Total elapsed time: 6.672 sec.
@I [HLS-100] Command "schedule -model needlemanWunsch "
@I [SCHED-11] Starting scheduling ...
@I [SCHED-61] Pipelining loop 'COL'.
@W [SCHED-68] Unable to enforce a carried dependency constraint (II = 1, distance = 1)
   between 'store' operation (S:/Documents/CMU/Masters-Fall/18643/643project/HLS/week3.c:58) of variable 'orig_out_load_1', S:/Documents/CMU/Masters-Fall/18643/643project/HLS/week3.c:58 on array 'orig_out' and 'load' operation ('orig_out_load_1', S:/Documents/CMU/Masters-Fall/18643/643project/HLS/week3.c:58) on array 'orig_out'.
@I [SCHED-61] Pipelining result: Target II: 1, Final II: 2, Depth: 7.
@W [SCHED-21] Estimated clock period (7.51ns) exceeds the target (target clock period: 5ns, clock uncertainty: 0.625ns, effective delay budget: 4.38ns).
@W [SCHED-21] The critical path consists of the following:
	'load' operation ('score_out_load_1', S:/Documents/CMU/Masters-Fall/18643/643project/HLS/week3.c:41) on array 'score_out' (2.39 ns)
	'add' operation ('left_score', S:/Documents/CMU/Masters-Fall/18643/643project/HLS/week3.c:48) (1.72 ns)
	'icmp' operation ('tmp_7', S:/Documents/CMU/Masters-Fall/18643/643project/HLS/week3.c:52) (2.03 ns)
	'or' operation ('or_cond', S:/Documents/CMU/Masters-Fall/18643/643project/HLS/week3.c:52) (1.37 ns)
@I [SCHED-11] Finished scheduling.
@I [HLS-100] Command 'schedule' returned 0; elapsed 0.021Total elapsed time: 6.693 sec.
@I [HLS-111] Elapsed time: 0.032 seconds; current memory usage: 72.2 MB.
@I [HLS-100] Command "report -o C:/Users/Nathaniel/643_PE/solution1/.autopilot/db/needlemanWunsch.verbose.sched.rpt -verbose -f "
@I [HLS-100] Command 'report' returned 0; elapsed 0.003Total elapsed time: 6.705 sec.
@I [HLS-100] Command "db_write -o C:/Users/Nathaniel/643_PE/solution1/.autopilot/db/needlemanWunsch.sched.adb -f "
@I [HLS-100] Command 'db_write' returned 0; elapsed 0.009Total elapsed time: 6.714 sec.
@I [HLS-0] Finish scheduling needlemanWunsch.
@I [HLS-10] ----------------------------------------------------------------
@0 [HLS-0] ----------------------------------------------------------------
@I [HLS-10] -- Exploring micro-architecture for module 'needlemanWunsch' 
@0 [HLS-0] -- Exploring micro-architecture for module 'needlemanWunsch' 
@I [HLS-10] ----------------------------------------------------------------
@0 [HLS-0] ----------------------------------------------------------------
@I [HLS-100] Command "set_default_model needlemanWunsch "
@I [HLS-100] Command 'set_default_model' returned 0; elapsed 0Total elapsed time: 6.718 sec.
@I [HLS-100] Command "bind -model needlemanWunsch "
@I [BIND-110] clear=
@I [BIND-110] debug=
@I [BIND-110] drf=
@I [BIND-110] effort=
@I [BIND-110] fast_refine=
@I [BIND-110] fu_weight=[ 0.0 -- 1.0 ]
@I [BIND-110] global_opt=
@I [BIND-110] gsearch=
@I [BIND-110] help=
@I [BIND-110] help-hidden=
@I [BIND-110] min_mem_port=
@I [BIND-110] min_op=
@I [BIND-110] minreg=
@I [BIND-110] ml=
@I [BIND-110] model=needlemanWunsch
@I [BIND-110] no_false_path=
@I [BIND-110] no_min_op=
@I [BIND-110] normalize=
@I [BIND-110] quiet=
@I [BIND-110] refine=
@I [BIND-110] reg_weight=[ 0.0 -- 1.0 ]
@I [BIND-110] search=
@I [BIND-110] tight_delay=
@I [BIND-110] verbose=
@I [BIND-110] wFF=
@I [BIND-110] wFU=
@I [BIND-110] wMUX=
@I [BIND-110] wNET=
@I [BIND-100] Starting micro-architecture generation ...
@I [BIND-101] Performing variable lifetime analysis.
@I [BIND-101] Exploring resource sharing.
@I [BIND-101] Binding ...
@I [BIND-100] Finished micro-architecture generation.
@I [HLS-100] Command 'bind' returned 0; elapsed 0.006Total elapsed time: 6.724 sec.
@I [HLS-111] Elapsed time: 0.032 seconds; current memory usage: 72.2 MB.
@I [HLS-100] Command "report -o C:/Users/Nathaniel/643_PE/solution1/.autopilot/db/needlemanWunsch.verbose.bind.rpt -verbose -f "
@I [HLS-100] Command 'report' returned 0; elapsed 0.012Total elapsed time: 6.740 sec.
@I [HLS-100] Command "db_write -o C:/Users/Nathaniel/643_PE/solution1/.autopilot/db/needlemanWunsch.bind.adb -f "
@I [HLS-100] Command 'db_write' returned 0; elapsed 0.011Total elapsed time: 6.751 sec.
@I [HLS-0] Finish binding needlemanWunsch.
@I [HLS-100] Command "get_model_list needlemanWunsch -filter all-wo-channel "
@I [HLS-100] Command 'get_model_list' returned 0; elapsed 0Total elapsed time: 6.751 sec.
@I [HLS-0] Preprocessing for RTLGen ...
@I [HLS-100] Command "rtl_gen_preprocess needlemanWunsch "
@I [HLS-100] Command 'rtl_gen_preprocess' returned 0; elapsed 0Total elapsed time: 6.751 sec.
@I [HLS-0] Model list for RTL generation: needlemanWunsch
@I [HLS-10] ----------------------------------------------------------------
@0 [HLS-0] ----------------------------------------------------------------
@I [HLS-10] -- Generating RTL for module 'needlemanWunsch' 
@0 [HLS-0] -- Generating RTL for module 'needlemanWunsch' 
@I [HLS-10] ----------------------------------------------------------------
@0 [HLS-0] ----------------------------------------------------------------
@I [HLS-100] Command "create_rtl_model needlemanWunsch -vendor xilinx -mg_file C:/Users/Nathaniel/643_PE/solution1/.autopilot/db/needlemanWunsch.compgen.tcl "
@I [RTGEN-500] Setting interface mode on port 'needlemanWunsch/reads' to 'ap_memory'.
@I [RTGEN-500] Setting interface mode on port 'needlemanWunsch/ref_genome' to 'ap_none'.
@I [RTGEN-500] Setting interface mode on port 'needlemanWunsch/orig_in' to 'ap_memory'.
@I [RTGEN-500] Setting interface mode on port 'needlemanWunsch/orig_out' to 'ap_memory'.
@I [RTGEN-500] Setting interface mode on port 'needlemanWunsch/score_in' to 'ap_memory'.
@I [RTGEN-500] Setting interface mode on port 'needlemanWunsch/score_out' to 'ap_memory'.
@I [RTGEN-500] Setting interface mode on port 'needlemanWunsch/i' to 'ap_none'.
@I [RTGEN-500] Setting interface mode on function 'needlemanWunsch' to 'ap_ctrl_hs'.
@W [RTGEN-101] Register 'max_orig' is power-on initialization.
@W [RTGEN-101] Global scalar 'max_orig' will not be exposed as RTL port.
@W [RTGEN-101] Register 'max_score' is power-on initialization.
@W [RTGEN-101] Global scalar 'max_score' will not be exposed as RTL port.
@I [RTGEN-100] Finished creating RTL model for 'needlemanWunsch'.
@I [HLS-100] Command 'create_rtl_model' returned 0; elapsed 0.011Total elapsed time: 6.769 sec.
@I [HLS-111] Elapsed time: 0.045 seconds; current memory usage: 72.3 MB.
@I [HLS-100] Command "source C:/Users/Nathaniel/643_PE/solution1/.autopilot/db/needlemanWunsch.rtl_wrap.cfg.tcl "
@I [HLS-100] Command 'ap_source' returned 0; elapsed 0.001Total elapsed time: 6.778 sec.
@I [HLS-100] Command "gen_rtl needlemanWunsch -istop -style xilinx -tracefl mytrace -tracefmt vcd -traceopt all -f -lang sc -o C:/Users/Nathaniel/643_PE/solution1/syn/systemc/needlemanWunsch -synmodules needlemanWunsch "
@I [HLS-100] Command 'gen_rtl' returned 0; elapsed 0.002Total elapsed time: 6.780 sec.
@I [HLS-100] Command "gen_rtl needlemanWunsch -istop -style xilinx -f -lang vhdl -o C:/Users/Nathaniel/643_PE/solution1/syn/vhdl/needlemanWunsch "
@I [HLS-100] Command 'gen_rtl' returned 0; elapsed 0.006Total elapsed time: 6.786 sec.
@I [HLS-100] Command "gen_rtl needlemanWunsch -istop -style xilinx -f -lang vlog -o C:/Users/Nathaniel/643_PE/solution1/syn/verilog/needlemanWunsch "
@I [HLS-100] Command 'gen_rtl' returned 0; elapsed 0.005Total elapsed time: 6.791 sec.
@I [HLS-100] Command "export_constraint_db -o C:/Users/Nathaniel/643_PE/solution1/.autopilot/db/needlemanWunsch.constraint.tcl -f -tool general "
@I [HLS-100] Command 'export_constraint_db' returned 0; elapsed 0Total elapsed time: 6.791 sec.
@I [HLS-100] Command "report -model needlemanWunsch -o C:/Users/Nathaniel/643_PE/solution1/.autopilot/db/needlemanWunsch.design.xml -verbose -f -dv "
@I [HLS-100] Command 'report' returned 0; elapsed 0.008Total elapsed time: 6.800 sec.
@I [HLS-100] Command "gen_tb_info needlemanWunsch -o C:/Users/Nathaniel/643_PE/solution1/.autopilot/db/needlemanWunsch -p C:/Users/Nathaniel/643_PE/solution1/.autopilot/db "
@I [HLS-100] Command 'gen_tb_info' returned 0; elapsed 0.003Total elapsed time: 6.803 sec.
@I [HLS-100] Command "report -model needlemanWunsch -o C:/Users/Nathaniel/643_PE/solution1/syn/report/needlemanWunsch_csynth.rpt -f "
@I [HLS-100] Command 'report' returned 0; elapsed 0.006Total elapsed time: 6.809 sec.
@I [HLS-100] Command "report -model needlemanWunsch -o C:/Users/Nathaniel/643_PE/solution1/syn/report/needlemanWunsch_csynth.xml -f -x "
@I [HLS-100] Command 'report' returned 0; elapsed 0.004Total elapsed time: 6.813 sec.
@I [HLS-100] Command "report -model needlemanWunsch -o C:/Users/Nathaniel/643_PE/solution1/.autopilot/db/needlemanWunsch.verbose.rpt -verbose -f "
@I [HLS-100] Command 'report' returned 0; elapsed 0.017Total elapsed time: 6.830 sec.
@I [HLS-100] Command "db_write -model needlemanWunsch -o C:/Users/Nathaniel/643_PE/solution1/.autopilot/db/needlemanWunsch.adb -f "
@I [HLS-100] Command 'db_write' returned 0; elapsed 0.017Total elapsed time: 6.847 sec.
@I [HLS-100] Command "sc_get_clocks needlemanWunsch "
@I [HLS-100] Command 'sc_get_clocks' returned 0; elapsed 0Total elapsed time: 6.877 sec.
@I [HLS-100] Command "sc_get_portdomain needlemanWunsch "
@I [HLS-100] Command 'sc_get_portdomain' returned 0; elapsed 0Total elapsed time: 6.877 sec.
@I [HLS-0] Model list for RTL component generation: needlemanWunsch
@I [HLS-0] Handling components in module [needlemanWunsch] ... 
@I [HLS-100] Command "source C:/Users/Nathaniel/643_PE/solution1/.autopilot/db/needlemanWunsch.compgen.tcl "
@I [HLS-100] Command 'ap_source' returned 0; elapsed 0.004Total elapsed time: 6.895 sec.
@I [HLS-0] Append model needlemanWunsch
@I [HLS-0] Generating RTL model list ...
@I [HLS-0] All models in this session: needlemanWunsch
@I [HLS-0] To file: write model needlemanWunsch
@I [HLS-0] Finished generating RTL model list.


@I [HLS-0] RTL Generation done.
@I [HLS-0] CAS Generation done.
@I [HLS-0] CBC Generation done.
@I [HLS-100] Command "export_ssdm C:/Users/Nathaniel/643_PE/solution1/.autopilot/db/a.export.ll "
@I [HLS-100] Command 'export_ssdm' returned 0; elapsed 0Total elapsed time: 6.905 sec.
@I [HLS-100] Command "source C:/Users/Nathaniel/643_PE/solution1/.autopilot/db/global.setting.tcl "
@I [HLS-100] Command 'ap_source' returned 0; elapsed 0.001Total elapsed time: 6.908 sec.
@I [HLS-100] Command "source S:/Xilinx/Vivado_HLS/2015.2/common/technology/generic/autopilot/common.gen "
@I [HLS-100] Command "source S:/Xilinx/Vivado_HLS/2015.2/common/technology/generic/autopilot/APCoreGen.gen "
@I [HLS-100] Command 'ap_source' returned 0; elapsed 0.001Total elapsed time: 6.909 sec.
@I [HLS-100] Command 'ap_source' returned 0; elapsed 0.001Total elapsed time: 6.909 sec.
@I [HLS-100] Command "source S:/Xilinx/Vivado_HLS/2015.2/common/technology/generic/autopilot/op.gen "
@I [HLS-100] Command 'ap_source' returned 0; elapsed 0Total elapsed time: 6.909 sec.
@I [HLS-100] Command "source S:/Xilinx/Vivado_HLS/2015.2/common/technology/generic/autopilot/op_simcore.gen "
@I [HLS-100] Command 'ap_source' returned 0; elapsed 0.001Total elapsed time: 6.910 sec.
@I [HLS-100] Command "source S:/Xilinx/Vivado_HLS/2015.2/common/technology/generic/autopilot/interface.gen "
@I [HLS-100] Command 'ap_source' returned 0; elapsed 0Total elapsed time: 6.910 sec.
@I [HLS-100] Command "source C:/Users/Nathaniel/643_PE/solution1/.autopilot/db/global.setting.tcl "
@I [HLS-100] Command 'ap_source' returned 0; elapsed 0Total elapsed time: 6.910 sec.
@I [HLS-100] Command "source S:/Xilinx/Vivado_HLS/2015.2/common/technology/xilinx/zynq/zynq.gen "
@I [HLS-100] Command "source S:/Xilinx/Vivado_HLS/2015.2/common/technology/xilinx/common/virtex.gen "
@I [HLS-100] Command "source S:/Xilinx/Vivado_HLS/2015.2/common/technology/xilinx/common/xilinx.gen "
@I [HLS-100] Command "source S:/Xilinx/Vivado_HLS/2015.2/common/technology/xilinx/interface/plb46.gen "
@I [HLS-100] Command 'ap_source' returned 0; elapsed 0.001Total elapsed time: 6.912 sec.
@I [HLS-100] Command "source S:/Xilinx/Vivado_HLS/2015.2/common/technology/xilinx/interface/fsl.gen "
@I [HLS-100] Command 'ap_source' returned 0; elapsed 0Total elapsed time: 6.912 sec.
@I [HLS-100] Command "source S:/Xilinx/Vivado_HLS/2015.2/common/technology/xilinx/interface/axi4.gen "
@I [HLS-100] Command 'ap_source' returned 0; elapsed 0.002Total elapsed time: 6.914 sec.
@I [HLS-100] Command "source S:/Xilinx/Vivado_HLS/2015.2/common/technology/xilinx/interface/nativeAXI4.gen "
@I [HLS-100] Command "source S:/Xilinx/Vivado_HLS/2015.2/common/technology/xilinx/interface/saxilite.gen "
@I [HLS-100] Command 'ap_source' returned 0; elapsed 0.002Total elapsed time: 6.916 sec.
@I [HLS-100] Command "source S:/Xilinx/Vivado_HLS/2015.2/common/technology/xilinx/interface/maxi.gen "
@I [HLS-100] Command 'ap_source' returned 0; elapsed 0.005Total elapsed time: 6.921 sec.
@I [HLS-100] Command 'ap_source' returned 0; elapsed 0.007Total elapsed time: 6.921 sec.
@I [HLS-100] Command "source S:/Xilinx/Vivado_HLS/2015.2/common/technology/xilinx/scripts/xilinxcoregen.gen "
@I [HLS-100] Command 'ap_source' returned 0; elapsed 0.006Total elapsed time: 6.927 sec.
@I [HLS-100] Command "source S:/Xilinx/Vivado_HLS/2015.2/common/technology/xilinx/interface/XilEDKCoreGen.gen "
@I [HLS-100] Command 'ap_source' returned 0; elapsed 0.006Total elapsed time: 6.933 sec.
@I [HLS-100] Command "source S:/Xilinx/Vivado_HLS/2015.2/common/technology/xilinx/ip/dds_compiler.gen "
@I [HLS-100] Command 'ap_source' returned 0; elapsed 0.003Total elapsed time: 6.936 sec.
@I [HLS-100] Command "source S:/Xilinx/Vivado_HLS/2015.2/common/technology/xilinx/ip/util.gen "
@I [HLS-100] Command 'ap_source' returned 0; elapsed 0Total elapsed time: 6.936 sec.
@I [HLS-100] Command "source S:/Xilinx/Vivado_HLS/2015.2/common/technology/xilinx/ip/xfft.gen "
@I [HLS-100] Command 'ap_source' returned 0; elapsed 0.067Total elapsed time: 7.3 sec.
@I [HLS-100] Command "source S:/Xilinx/Vivado_HLS/2015.2/common/technology/xilinx/ip/xfir.gen "
@I [HLS-100] Command 'ap_source' returned 0; elapsed 0.02Total elapsed time: 7.23 sec.
@I [HLS-100] Command 'ap_source' returned 0; elapsed 0.112Total elapsed time: 7.23 sec.
@I [HLS-100] Command "source S:/Xilinx/Vivado_HLS/2015.2/common/technology/xilinx/common/dsp48.gen "
@I [HLS-100] Command 'ap_source' returned 0; elapsed 0Total elapsed time: 7.24 sec.
@I [HLS-100] Command 'ap_source' returned 0; elapsed 0.113Total elapsed time: 7.24 sec.
@I [HLS-100] Command 'ap_source' returned 0; elapsed 0.114Total elapsed time: 7.24 sec.
@I [HLS-100] Command "source S:/Xilinx/Vivado_HLS/2015.2/common/technology/xilinx/zynq/zynq_fpv6.gen "
@I [HLS-100] Command "source S:/Xilinx/Vivado_HLS/2015.2/common/technology/xilinx/common/xilinx_fpv6.gen "
@I [HLS-100] Command 'ap_source' returned 0; elapsed 0.001Total elapsed time: 7.25 sec.
@I [HLS-100] Command 'ap_source' returned 0; elapsed 0.001Total elapsed time: 7.25 sec.
@I [HLS-100] Command "source C:/Users/Nathaniel/643_PE/solution1/.autopilot/db/global.setting.tcl "
@I [HLS-100] Command 'ap_source' returned 0; elapsed 0Total elapsed time: 7.35 sec.
@I [HLS-100] Command "source C:/Users/Nathaniel/643_PE/solution1/.autopilot/db/global.setting.tcl "
@I [HLS-100] Command 'ap_source' returned 0; elapsed 0.001Total elapsed time: 7.36 sec.
@I [HLS-100] Command "source C:/Users/Nathaniel/643_PE/solution1/.autopilot/db/global.setting.tcl "
@I [HLS-100] Command 'ap_source' returned 0; elapsed 0Total elapsed time: 7.36 sec.
@I [HLS-100] Command "source C:/Users/Nathaniel/643_PE/solution1/.autopilot/db/global.setting.tcl "
@I [HLS-100] Command 'ap_source' returned 0; elapsed 0.001Total elapsed time: 7.37 sec.
@I [HLS-100] Command "source C:/Users/Nathaniel/643_PE/solution1/.autopilot/db/needlemanWunsch.compgen.tcl "
@I [HLS-100] Command 'ap_source' returned 0; elapsed 0Total elapsed time: 7.37 sec.
@I [HLS-10] Finished generating all RTL models.
@0 [HLS-0] Finished generating all RTL models.
@I [WSYSC-301] Generating RTL SystemC for 'needlemanWunsch'.
@I [WVHDL-304] Generating RTL VHDL for 'needlemanWunsch'.
@I [WVLOG-307] Generating RTL Verilog for 'needlemanWunsch'.
@I [HLS-100] Command 'autosyn' returned 0; elapsed 0.376Total elapsed time: 7.40 sec.
@I [HLS-100] Command 'csynth_design' returned 0; elapsed 2.879Total elapsed time: 7.40 sec.
@I [HLS-100] Command 'ap_source' returned 0; elapsed 5.863Total elapsed time: 7.40 sec.
@I [HLS-100] Command "cleanup_all "
@I [HLS-100] Command 'cleanup_all' returned 0; elapsed 0.001Total elapsed time: 7.41 sec.
